[2018-11-21 18:25:11] lumen.ERROR: Symfony\Component\Console\Exception\CommandNotFoundException: There are no commands defined in the "route" namespace. in C:\xampp\htdocs\vaimo_store\vendor\symfony\console\Application.php:462
Stack trace:
#0 C:\xampp\htdocs\vaimo_store\vendor\symfony\console\Application.php(494): Symfony\Component\Console\Application->findNamespace('route')
#1 C:\xampp\htdocs\vaimo_store\vendor\symfony\console\Application.php(183): Symfony\Component\Console\Application->find('route:list')
#2 C:\xampp\htdocs\vaimo_store\vendor\symfony\console\Application.php(117): Symfony\Component\Console\Application->doRun(Object(Symfony\Component\Console\Input\ArgvInput), Object(Symfony\Component\Console\Output\ConsoleOutput))
#3 C:\xampp\htdocs\vaimo_store\vendor\laravel\lumen-framework\src\Console\Kernel.php(69): Symfony\Component\Console\Application->run(Object(Symfony\Component\Console\Input\ArgvInput), Object(Symfony\Component\Console\Output\ConsoleOutput))
#4 C:\xampp\htdocs\vaimo_store\artisan(35): Laravel\Lumen\Console\Kernel->handle(Object(Symfony\Component\Console\Input\ArgvInput), Object(Symfony\Component\Console\Output\ConsoleOutput))
#5 {main}  
[2018-11-22 01:21:12] lumen.ERROR: ErrorException: Undefined variable: products in C:\xampp\htdocs\vaimo_store\app\Http\Controllers\IndexController.php:13
Stack trace:
#0 C:\xampp\htdocs\vaimo_store\app\Http\Controllers\IndexController.php(13): Laravel\Lumen\Application->Laravel\Lumen\Concerns\{closure}(8, 'Undefined varia...', 'C:\\xampp\\htdocs...', 13, Array)
#1 [internal function]: App\Http\Controllers\IndexController->index(Object(Illuminate\Http\Request))
#2 C:\xampp\htdocs\vaimo_store\vendor\illuminate\container\Container.php(507): call_user_func_array(Array, Array)
#3 C:\xampp\htdocs\vaimo_store\vendor\laravel\lumen-framework\src\Concerns\RoutesRequests.php(577): Illuminate\Container\Container->call(Array, Array)
#4 C:\xampp\htdocs\vaimo_store\vendor\laravel\lumen-framework\src\Concerns\RoutesRequests.php(543): Laravel\Lumen\Application->callControllerCallable(Array, Array)
#5 C:\xampp\htdocs\vaimo_store\vendor\laravel\lumen-framework\src\Concerns\RoutesRequests.php(517): Laravel\Lumen\Application->callLumenController(Object(App\Http\Controllers\IndexController), 'index', Array)
#6 C:\xampp\htdocs\vaimo_store\vendor\laravel\lumen-framework\src\Concerns\RoutesRequests.php(485): Laravel\Lumen\Application->callControllerAction(Array)
#7 C:\xampp\htdocs\vaimo_store\vendor\laravel\lumen-framework\src\Concerns\RoutesRequests.php(470): Laravel\Lumen\Application->callActionOnArrayBasedRoute(Array)
#8 C:\xampp\htdocs\vaimo_store\vendor\laravel\lumen-framework\src\Concerns\RoutesRequests.php(372): Laravel\Lumen\Application->handleFoundRoute(Array)
#9 C:\xampp\htdocs\vaimo_store\vendor\laravel\lumen-framework\src\Concerns\RoutesRequests.php(620): Laravel\Lumen\Application->Laravel\Lumen\Concerns\{closure}()
#10 C:\xampp\htdocs\vaimo_store\vendor\laravel\lumen-framework\src\Concerns\RoutesRequests.php(378): Laravel\Lumen\Application->sendThroughPipeline(Array, Object(Closure))
#11 C:\xampp\htdocs\vaimo_store\vendor\laravel\lumen-framework\src\Concerns\RoutesRequests.php(323): Laravel\Lumen\Application->dispatch(NULL)
#12 C:\xampp\htdocs\vaimo_store\public\index.php(29): Laravel\Lumen\Application->run()
#13 {main}  
[2018-11-22 15:07:43] lumen.ERROR: ErrorException: Use of undefined constant title - assumed 'title' (this will throw an Error in a future version of PHP) in C:\xampp\htdocs\vaimo_store\storage\framework\views\8290382a14851cea3a0ce2a1aff81f5447b77c9d.php:6
Stack trace:
#0 C:\xampp\htdocs\vaimo_store\storage\framework\views\8290382a14851cea3a0ce2a1aff81f5447b77c9d.php(6): Laravel\Lumen\Application->Laravel\Lumen\Concerns\{closure}(2, 'Use of undefine...', 'C:\\xampp\\htdocs...', 6, Array)
#1 C:\xampp\htdocs\vaimo_store\vendor\illuminate\view\Engines\PhpEngine.php(42): include('C:\\xampp\\htdocs...')
#2 C:\xampp\htdocs\vaimo_store\vendor\illuminate\view\Engines\CompilerEngine.php(59): Illuminate\View\Engines\PhpEngine->evaluatePath('C:\\xampp\\htdocs...', Array)
#3 C:\xampp\htdocs\vaimo_store\vendor\illuminate\view\View.php(135): Illuminate\View\Engines\CompilerEngine->get('C:\\xampp\\htdocs...', Array)
#4 C:\xampp\htdocs\vaimo_store\vendor\illuminate\view\View.php(106): Illuminate\View\View->getContents()
#5 C:\xampp\htdocs\vaimo_store\vendor\illuminate\view\View.php(80): Illuminate\View\View->renderContents()
#6 C:\xampp\htdocs\vaimo_store\vendor\illuminate\http\Response.php(52): Illuminate\View\View->render()
#7 C:\xampp\htdocs\vaimo_store\vendor\symfony\http-foundation\Response.php(197): Illuminate\Http\Response->setContent(Object(Illuminate\View\View))
#8 C:\xampp\htdocs\vaimo_store\vendor\laravel\lumen-framework\src\Concerns\RoutesRequests.php(634): Symfony\Component\HttpFoundation\Response->__construct(Object(Illuminate\View\View))
#9 C:\xampp\htdocs\vaimo_store\vendor\laravel\lumen-framework\src\Concerns\RoutesRequests.php(577): Laravel\Lumen\Application->prepareResponse(Object(Illuminate\View\View))
#10 C:\xampp\htdocs\vaimo_store\vendor\laravel\lumen-framework\src\Concerns\RoutesRequests.php(543): Laravel\Lumen\Application->callControllerCallable(Array, Array)
#11 C:\xampp\htdocs\vaimo_store\vendor\laravel\lumen-framework\src\Concerns\RoutesRequests.php(517): Laravel\Lumen\Application->callLumenController(Object(App\Http\Controllers\IndexController), 'index', Array)
#12 C:\xampp\htdocs\vaimo_store\vendor\laravel\lumen-framework\src\Concerns\RoutesRequests.php(485): Laravel\Lumen\Application->callControllerAction(Array)
#13 C:\xampp\htdocs\vaimo_store\vendor\laravel\lumen-framework\src\Concerns\RoutesRequests.php(470): Laravel\Lumen\Application->callActionOnArrayBasedRoute(Array)
#14 C:\xampp\htdocs\vaimo_store\vendor\laravel\lumen-framework\src\Concerns\RoutesRequests.php(372): Laravel\Lumen\Application->handleFoundRoute(Array)
#15 C:\xampp\htdocs\vaimo_store\vendor\laravel\lumen-framework\src\Concerns\RoutesRequests.php(620): Laravel\Lumen\Application->Laravel\Lumen\Concerns\{closure}()
#16 C:\xampp\htdocs\vaimo_store\vendor\laravel\lumen-framework\src\Concerns\RoutesRequests.php(378): Laravel\Lumen\Application->sendThroughPipeline(Array, Object(Closure))
#17 C:\xampp\htdocs\vaimo_store\vendor\laravel\lumen-framework\src\Concerns\RoutesRequests.php(323): Laravel\Lumen\Application->dispatch(NULL)
#18 C:\xampp\htdocs\vaimo_store\public\index.php(29): Laravel\Lumen\Application->run()
#19 {main}

Next ErrorException: Use of undefined constant title - assumed 'title' (this will throw an Error in a future version of PHP) (View: C:\xampp\htdocs\vaimo_store\resources\views\index.blade.php) in C:\xampp\htdocs\vaimo_store\storage\framework\views\8290382a14851cea3a0ce2a1aff81f5447b77c9d.php:6
Stack trace:
#0 C:\xampp\htdocs\vaimo_store\vendor\illuminate\view\Engines\PhpEngine.php(44): Illuminate\View\Engines\CompilerEngine->handleViewException(Object(ErrorException), 1)
#1 C:\xampp\htdocs\vaimo_store\vendor\illuminate\view\Engines\CompilerEngine.php(59): Illuminate\View\Engines\PhpEngine->evaluatePath('C:\\xampp\\htdocs...', Array)
#2 C:\xampp\htdocs\vaimo_store\vendor\illuminate\view\View.php(135): Illuminate\View\Engines\CompilerEngine->get('C:\\xampp\\htdocs...', Array)
#3 C:\xampp\htdocs\vaimo_store\vendor\illuminate\view\View.php(106): Illuminate\View\View->getContents()
#4 C:\xampp\htdocs\vaimo_store\vendor\illuminate\view\View.php(80): Illuminate\View\View->renderContents()
#5 C:\xampp\htdocs\vaimo_store\vendor\illuminate\http\Response.php(52): Illuminate\View\View->render()
#6 C:\xampp\htdocs\vaimo_store\vendor\symfony\http-foundation\Response.php(197): Illuminate\Http\Response->setContent(Object(Illuminate\View\View))
#7 C:\xampp\htdocs\vaimo_store\vendor\laravel\lumen-framework\src\Concerns\RoutesRequests.php(634): Symfony\Component\HttpFoundation\Response->__construct(Object(Illuminate\View\View))
#8 C:\xampp\htdocs\vaimo_store\vendor\laravel\lumen-framework\src\Concerns\RoutesRequests.php(577): Laravel\Lumen\Application->prepareResponse(Object(Illuminate\View\View))
#9 C:\xampp\htdocs\vaimo_store\vendor\laravel\lumen-framework\src\Concerns\RoutesRequests.php(543): Laravel\Lumen\Application->callControllerCallable(Array, Array)
#10 C:\xampp\htdocs\vaimo_store\vendor\laravel\lumen-framework\src\Concerns\RoutesRequests.php(517): Laravel\Lumen\Application->callLumenController(Object(App\Http\Controllers\IndexController), 'index', Array)
#11 C:\xampp\htdocs\vaimo_store\vendor\laravel\lumen-framework\src\Concerns\RoutesRequests.php(485): Laravel\Lumen\Application->callControllerAction(Array)
#12 C:\xampp\htdocs\vaimo_store\vendor\laravel\lumen-framework\src\Concerns\RoutesRequests.php(470): Laravel\Lumen\Application->callActionOnArrayBasedRoute(Array)
#13 C:\xampp\htdocs\vaimo_store\vendor\laravel\lumen-framework\src\Concerns\RoutesRequests.php(372): Laravel\Lumen\Application->handleFoundRoute(Array)
#14 C:\xampp\htdocs\vaimo_store\vendor\laravel\lumen-framework\src\Concerns\RoutesRequests.php(620): Laravel\Lumen\Application->Laravel\Lumen\Concerns\{closure}()
#15 C:\xampp\htdocs\vaimo_store\vendor\laravel\lumen-framework\src\Concerns\RoutesRequests.php(378): Laravel\Lumen\Application->sendThroughPipeline(Array, Object(Closure))
#16 C:\xampp\htdocs\vaimo_store\vendor\laravel\lumen-framework\src\Concerns\RoutesRequests.php(323): Laravel\Lumen\Application->dispatch(NULL)
#17 C:\xampp\htdocs\vaimo_store\public\index.php(29): Laravel\Lumen\Application->run()
#18 {main}  
[2018-11-22 21:36:01] lumen.ERROR: Symfony\Component\Debug\Exception\FatalThrowableError: Parse error: syntax error, unexpected '{', expecting ']' in C:\xampp\htdocs\vaimo_store\app\Http\Controllers\NewsletterController.php:15
Stack trace:
#0 C:\xampp\htdocs\vaimo_store\vendor\composer\ClassLoader.php(322): Composer\Autoload\includeFile('C:\\xampp\\htdocs...')
#1 [internal function]: Composer\Autoload\ClassLoader->loadClass('App\\Http\\Contro...')
#2 [internal function]: spl_autoload_call('App\\Http\\Contro...')
#3 C:\xampp\htdocs\vaimo_store\vendor\illuminate\container\Container.php(736): ReflectionClass->__construct('App\\Http\\Contro...')
#4 C:\xampp\htdocs\vaimo_store\vendor\illuminate\container\Container.php(631): Illuminate\Container\Container->build('App\\Http\\Contro...', Array)
#5 C:\xampp\htdocs\vaimo_store\vendor\laravel\lumen-framework\src\Application.php(205): Illuminate\Container\Container->make('App\\Http\\Contro...', Array)
#6 C:\xampp\htdocs\vaimo_store\vendor\laravel\lumen-framework\src\Concerns\RoutesRequests.php(512): Laravel\Lumen\Application->make('App\\Http\\Contro...')
#7 C:\xampp\htdocs\vaimo_store\vendor\laravel\lumen-framework\src\Concerns\RoutesRequests.php(485): Laravel\Lumen\Application->callControllerAction(Array)
#8 C:\xampp\htdocs\vaimo_store\vendor\laravel\lumen-framework\src\Concerns\RoutesRequests.php(470): Laravel\Lumen\Application->callActionOnArrayBasedRoute(Array)
#9 C:\xampp\htdocs\vaimo_store\vendor\laravel\lumen-framework\src\Concerns\RoutesRequests.php(372): Laravel\Lumen\Application->handleFoundRoute(Array)
#10 C:\xampp\htdocs\vaimo_store\vendor\laravel\lumen-framework\src\Concerns\RoutesRequests.php(620): Laravel\Lumen\Application->Laravel\Lumen\Concerns\{closure}()
#11 C:\xampp\htdocs\vaimo_store\vendor\laravel\lumen-framework\src\Concerns\RoutesRequests.php(378): Laravel\Lumen\Application->sendThroughPipeline(Array, Object(Closure))
#12 C:\xampp\htdocs\vaimo_store\vendor\laravel\lumen-framework\src\Concerns\RoutesRequests.php(323): Laravel\Lumen\Application->dispatch(NULL)
#13 C:\xampp\htdocs\vaimo_store\public\index.php(29): Laravel\Lumen\Application->run()
#14 {main}  
[2018-11-22 22:14:50] lumen.ERROR: Symfony\Component\Debug\Exception\FatalThrowableError: Fatal error: Call to undefined method Laravel\Lumen\Http\ResponseFactory::json_encode() in C:\xampp\htdocs\vaimo_store\app\Http\Controllers\NewsletterController.php:15
Stack trace:
#0 [internal function]: App\Http\Controllers\NewsletterController->subscribe(Object(Illuminate\Http\Request))
#1 C:\xampp\htdocs\vaimo_store\vendor\illuminate\container\Container.php(507): call_user_func_array(Array, Array)
#2 C:\xampp\htdocs\vaimo_store\vendor\laravel\lumen-framework\src\Concerns\RoutesRequests.php(577): Illuminate\Container\Container->call(Array, Array)
#3 C:\xampp\htdocs\vaimo_store\vendor\laravel\lumen-framework\src\Concerns\RoutesRequests.php(543): Laravel\Lumen\Application->callControllerCallable(Array, Array)
#4 C:\xampp\htdocs\vaimo_store\vendor\laravel\lumen-framework\src\Concerns\RoutesRequests.php(517): Laravel\Lumen\Application->callLumenController(Object(App\Http\Controllers\NewsletterController), 'subscribe', Array)
#5 C:\xampp\htdocs\vaimo_store\vendor\laravel\lumen-framework\src\Concerns\RoutesRequests.php(485): Laravel\Lumen\Application->callControllerAction(Array)
#6 C:\xampp\htdocs\vaimo_store\vendor\laravel\lumen-framework\src\Concerns\RoutesRequests.php(470): Laravel\Lumen\Application->callActionOnArrayBasedRoute(Array)
#7 C:\xampp\htdocs\vaimo_store\vendor\laravel\lumen-framework\src\Concerns\RoutesRequests.php(372): Laravel\Lumen\Application->handleFoundRoute(Array)
#8 C:\xampp\htdocs\vaimo_store\vendor\laravel\lumen-framework\src\Concerns\RoutesRequests.php(620): Laravel\Lumen\Application->Laravel\Lumen\Concerns\{closure}()
#9 C:\xampp\htdocs\vaimo_store\vendor\laravel\lumen-framework\src\Concerns\RoutesRequests.php(378): Laravel\Lumen\Application->sendThroughPipeline(Array, Object(Closure))
#10 C:\xampp\htdocs\vaimo_store\vendor\laravel\lumen-framework\src\Concerns\RoutesRequests.php(323): Laravel\Lumen\Application->dispatch(NULL)
#11 C:\xampp\htdocs\vaimo_store\public\index.php(29): Laravel\Lumen\Application->run()
#12 {main}  
[2018-11-22 22:17:25] lumen.ERROR: Symfony\Component\Debug\Exception\FatalThrowableError: Fatal error: Call to undefined function App\Http\Controllers\json() in C:\xampp\htdocs\vaimo_store\app\Http\Controllers\NewsletterController.php:16
Stack trace:
#0 [internal function]: App\Http\Controllers\NewsletterController->subscribe(Object(Illuminate\Http\Request))
#1 C:\xampp\htdocs\vaimo_store\vendor\illuminate\container\Container.php(507): call_user_func_array(Array, Array)
#2 C:\xampp\htdocs\vaimo_store\vendor\laravel\lumen-framework\src\Concerns\RoutesRequests.php(577): Illuminate\Container\Container->call(Array, Array)
#3 C:\xampp\htdocs\vaimo_store\vendor\laravel\lumen-framework\src\Concerns\RoutesRequests.php(543): Laravel\Lumen\Application->callControllerCallable(Array, Array)
#4 C:\xampp\htdocs\vaimo_store\vendor\laravel\lumen-framework\src\Concerns\RoutesRequests.php(517): Laravel\Lumen\Application->callLumenController(Object(App\Http\Controllers\NewsletterController), 'subscribe', Array)
#5 C:\xampp\htdocs\vaimo_store\vendor\laravel\lumen-framework\src\Concerns\RoutesRequests.php(485): Laravel\Lumen\Application->callControllerAction(Array)
#6 C:\xampp\htdocs\vaimo_store\vendor\laravel\lumen-framework\src\Concerns\RoutesRequests.php(470): Laravel\Lumen\Application->callActionOnArrayBasedRoute(Array)
#7 C:\xampp\htdocs\vaimo_store\vendor\laravel\lumen-framework\src\Concerns\RoutesRequests.php(372): Laravel\Lumen\Application->handleFoundRoute(Array)
#8 C:\xampp\htdocs\vaimo_store\vendor\laravel\lumen-framework\src\Concerns\RoutesRequests.php(620): Laravel\Lumen\Application->Laravel\Lumen\Concerns\{closure}()
#9 C:\xampp\htdocs\vaimo_store\vendor\laravel\lumen-framework\src\Concerns\RoutesRequests.php(378): Laravel\Lumen\Application->sendThroughPipeline(Array, Object(Closure))
#10 C:\xampp\htdocs\vaimo_store\vendor\laravel\lumen-framework\src\Concerns\RoutesRequests.php(323): Laravel\Lumen\Application->dispatch(NULL)
#11 C:\xampp\htdocs\vaimo_store\public\index.php(29): Laravel\Lumen\Application->run()
#12 {main}  
[2018-11-22 22:22:11] lumen.ERROR: Symfony\Component\Debug\Exception\FatalThrowableError: Fatal error: Call to undefined function App\Http\Controllers\json() in C:\xampp\htdocs\vaimo_store\app\Http\Controllers\NewsletterController.php:16
Stack trace:
#0 [internal function]: App\Http\Controllers\NewsletterController->subscribe(Object(Illuminate\Http\Request))
#1 C:\xampp\htdocs\vaimo_store\vendor\illuminate\container\Container.php(507): call_user_func_array(Array, Array)
#2 C:\xampp\htdocs\vaimo_store\vendor\laravel\lumen-framework\src\Concerns\RoutesRequests.php(577): Illuminate\Container\Container->call(Array, Array)
#3 C:\xampp\htdocs\vaimo_store\vendor\laravel\lumen-framework\src\Concerns\RoutesRequests.php(543): Laravel\Lumen\Application->callControllerCallable(Array, Array)
#4 C:\xampp\htdocs\vaimo_store\vendor\laravel\lumen-framework\src\Concerns\RoutesRequests.php(517): Laravel\Lumen\Application->callLumenController(Object(App\Http\Controllers\NewsletterController), 'subscribe', Array)
#5 C:\xampp\htdocs\vaimo_store\vendor\laravel\lumen-framework\src\Concerns\RoutesRequests.php(485): Laravel\Lumen\Application->callControllerAction(Array)
#6 C:\xampp\htdocs\vaimo_store\vendor\laravel\lumen-framework\src\Concerns\RoutesRequests.php(470): Laravel\Lumen\Application->callActionOnArrayBasedRoute(Array)
#7 C:\xampp\htdocs\vaimo_store\vendor\laravel\lumen-framework\src\Concerns\RoutesRequests.php(372): Laravel\Lumen\Application->handleFoundRoute(Array)
#8 C:\xampp\htdocs\vaimo_store\vendor\laravel\lumen-framework\src\Concerns\RoutesRequests.php(620): Laravel\Lumen\Application->Laravel\Lumen\Concerns\{closure}()
#9 C:\xampp\htdocs\vaimo_store\vendor\laravel\lumen-framework\src\Concerns\RoutesRequests.php(378): Laravel\Lumen\Application->sendThroughPipeline(Array, Object(Closure))
#10 C:\xampp\htdocs\vaimo_store\vendor\laravel\lumen-framework\src\Concerns\RoutesRequests.php(323): Laravel\Lumen\Application->dispatch(NULL)
#11 C:\xampp\htdocs\vaimo_store\public\index.php(29): Laravel\Lumen\Application->run()
#12 {main}  
[2018-11-22 23:31:35] lumen.ERROR: Symfony\Component\Debug\Exception\FatalThrowableError: Fatal error: Call to undefined method Illuminate\Http\Request::getAll() in C:\xampp\htdocs\vaimo_store\app\Http\Controllers\NewsletterController.php:12
Stack trace:
#0 [internal function]: App\Http\Controllers\NewsletterController->subscribe(Object(Illuminate\Http\Request))
#1 C:\xampp\htdocs\vaimo_store\vendor\illuminate\container\Container.php(507): call_user_func_array(Array, Array)
#2 C:\xampp\htdocs\vaimo_store\vendor\laravel\lumen-framework\src\Concerns\RoutesRequests.php(577): Illuminate\Container\Container->call(Array, Array)
#3 C:\xampp\htdocs\vaimo_store\vendor\laravel\lumen-framework\src\Concerns\RoutesRequests.php(543): Laravel\Lumen\Application->callControllerCallable(Array, Array)
#4 C:\xampp\htdocs\vaimo_store\vendor\laravel\lumen-framework\src\Concerns\RoutesRequests.php(517): Laravel\Lumen\Application->callLumenController(Object(App\Http\Controllers\NewsletterController), 'subscribe', Array)
#5 C:\xampp\htdocs\vaimo_store\vendor\laravel\lumen-framework\src\Concerns\RoutesRequests.php(485): Laravel\Lumen\Application->callControllerAction(Array)
#6 C:\xampp\htdocs\vaimo_store\vendor\laravel\lumen-framework\src\Concerns\RoutesRequests.php(470): Laravel\Lumen\Application->callActionOnArrayBasedRoute(Array)
#7 C:\xampp\htdocs\vaimo_store\vendor\laravel\lumen-framework\src\Concerns\RoutesRequests.php(372): Laravel\Lumen\Application->handleFoundRoute(Array)
#8 C:\xampp\htdocs\vaimo_store\vendor\laravel\lumen-framework\src\Concerns\RoutesRequests.php(620): Laravel\Lumen\Application->Laravel\Lumen\Concerns\{closure}()
#9 C:\xampp\htdocs\vaimo_store\vendor\laravel\lumen-framework\src\Concerns\RoutesRequests.php(378): Laravel\Lumen\Application->sendThroughPipeline(Array, Object(Closure))
#10 C:\xampp\htdocs\vaimo_store\vendor\laravel\lumen-framework\src\Concerns\RoutesRequests.php(323): Laravel\Lumen\Application->dispatch(NULL)
#11 C:\xampp\htdocs\vaimo_store\public\index.php(29): Laravel\Lumen\Application->run()
#12 {main}  
[2018-11-22 23:32:12] lumen.ERROR: Symfony\Component\Debug\Exception\FatalThrowableError: Fatal error: Call to undefined method Illuminate\Http\Request::getAll() in C:\xampp\htdocs\vaimo_store\app\Http\Controllers\NewsletterController.php:12
Stack trace:
#0 [internal function]: App\Http\Controllers\NewsletterController->subscribe(Object(Illuminate\Http\Request))
#1 C:\xampp\htdocs\vaimo_store\vendor\illuminate\container\Container.php(507): call_user_func_array(Array, Array)
#2 C:\xampp\htdocs\vaimo_store\vendor\laravel\lumen-framework\src\Concerns\RoutesRequests.php(577): Illuminate\Container\Container->call(Array, Array)
#3 C:\xampp\htdocs\vaimo_store\vendor\laravel\lumen-framework\src\Concerns\RoutesRequests.php(543): Laravel\Lumen\Application->callControllerCallable(Array, Array)
#4 C:\xampp\htdocs\vaimo_store\vendor\laravel\lumen-framework\src\Concerns\RoutesRequests.php(517): Laravel\Lumen\Application->callLumenController(Object(App\Http\Controllers\NewsletterController), 'subscribe', Array)
#5 C:\xampp\htdocs\vaimo_store\vendor\laravel\lumen-framework\src\Concerns\RoutesRequests.php(485): Laravel\Lumen\Application->callControllerAction(Array)
#6 C:\xampp\htdocs\vaimo_store\vendor\laravel\lumen-framework\src\Concerns\RoutesRequests.php(470): Laravel\Lumen\Application->callActionOnArrayBasedRoute(Array)
#7 C:\xampp\htdocs\vaimo_store\vendor\laravel\lumen-framework\src\Concerns\RoutesRequests.php(372): Laravel\Lumen\Application->handleFoundRoute(Array)
#8 C:\xampp\htdocs\vaimo_store\vendor\laravel\lumen-framework\src\Concerns\RoutesRequests.php(620): Laravel\Lumen\Application->Laravel\Lumen\Concerns\{closure}()
#9 C:\xampp\htdocs\vaimo_store\vendor\laravel\lumen-framework\src\Concerns\RoutesRequests.php(378): Laravel\Lumen\Application->sendThroughPipeline(Array, Object(Closure))
#10 C:\xampp\htdocs\vaimo_store\vendor\laravel\lumen-framework\src\Concerns\RoutesRequests.php(323): Laravel\Lumen\Application->dispatch(NULL)
#11 C:\xampp\htdocs\vaimo_store\public\index.php(29): Laravel\Lumen\Application->run()
#12 {main}  
[2018-11-22 23:34:57] lumen.ERROR: Symfony\Component\Debug\Exception\FatalThrowableError: Fatal error: Call to undefined method Illuminate\Http\Request::getAll() in C:\xampp\htdocs\vaimo_store\app\Http\Controllers\NewsletterController.php:12
Stack trace:
#0 [internal function]: App\Http\Controllers\NewsletterController->subscribe(Object(Illuminate\Http\Request))
#1 C:\xampp\htdocs\vaimo_store\vendor\illuminate\container\Container.php(507): call_user_func_array(Array, Array)
#2 C:\xampp\htdocs\vaimo_store\vendor\laravel\lumen-framework\src\Concerns\RoutesRequests.php(577): Illuminate\Container\Container->call(Array, Array)
#3 C:\xampp\htdocs\vaimo_store\vendor\laravel\lumen-framework\src\Concerns\RoutesRequests.php(543): Laravel\Lumen\Application->callControllerCallable(Array, Array)
#4 C:\xampp\htdocs\vaimo_store\vendor\laravel\lumen-framework\src\Concerns\RoutesRequests.php(517): Laravel\Lumen\Application->callLumenController(Object(App\Http\Controllers\NewsletterController), 'subscribe', Array)
#5 C:\xampp\htdocs\vaimo_store\vendor\laravel\lumen-framework\src\Concerns\RoutesRequests.php(485): Laravel\Lumen\Application->callControllerAction(Array)
#6 C:\xampp\htdocs\vaimo_store\vendor\laravel\lumen-framework\src\Concerns\RoutesRequests.php(470): Laravel\Lumen\Application->callActionOnArrayBasedRoute(Array)
#7 C:\xampp\htdocs\vaimo_store\vendor\laravel\lumen-framework\src\Concerns\RoutesRequests.php(372): Laravel\Lumen\Application->handleFoundRoute(Array)
#8 C:\xampp\htdocs\vaimo_store\vendor\laravel\lumen-framework\src\Concerns\RoutesRequests.php(620): Laravel\Lumen\Application->Laravel\Lumen\Concerns\{closure}()
#9 C:\xampp\htdocs\vaimo_store\vendor\laravel\lumen-framework\src\Concerns\RoutesRequests.php(378): Laravel\Lumen\Application->sendThroughPipeline(Array, Object(Closure))
#10 C:\xampp\htdocs\vaimo_store\vendor\laravel\lumen-framework\src\Concerns\RoutesRequests.php(323): Laravel\Lumen\Application->dispatch(NULL)
#11 C:\xampp\htdocs\vaimo_store\public\index.php(29): Laravel\Lumen\Application->run()
#12 {main}  
[2018-11-23 00:10:43] lumen.ERROR: RuntimeException: A facade root has not been set. in C:\xampp\htdocs\vaimo_store\vendor\illuminate\support\Facades\Facade.php:208
Stack trace:
#0 C:\xampp\htdocs\vaimo_store\app\Http\Controllers\NewsletterController.php(21): Illuminate\Support\Facades\Facade::__callStatic('info', Array)
#1 [internal function]: App\Http\Controllers\NewsletterController->subscribe(Object(Illuminate\Http\Request))
#2 C:\xampp\htdocs\vaimo_store\vendor\illuminate\container\Container.php(507): call_user_func_array(Array, Array)
#3 C:\xampp\htdocs\vaimo_store\vendor\laravel\lumen-framework\src\Concerns\RoutesRequests.php(577): Illuminate\Container\Container->call(Array, Array)
#4 C:\xampp\htdocs\vaimo_store\vendor\laravel\lumen-framework\src\Concerns\RoutesRequests.php(543): Laravel\Lumen\Application->callControllerCallable(Array, Array)
#5 C:\xampp\htdocs\vaimo_store\vendor\laravel\lumen-framework\src\Concerns\RoutesRequests.php(517): Laravel\Lumen\Application->callLumenController(Object(App\Http\Controllers\NewsletterController), 'subscribe', Array)
#6 C:\xampp\htdocs\vaimo_store\vendor\laravel\lumen-framework\src\Concerns\RoutesRequests.php(485): Laravel\Lumen\Application->callControllerAction(Array)
#7 C:\xampp\htdocs\vaimo_store\vendor\laravel\lumen-framework\src\Concerns\RoutesRequests.php(470): Laravel\Lumen\Application->callActionOnArrayBasedRoute(Array)
#8 C:\xampp\htdocs\vaimo_store\vendor\laravel\lumen-framework\src\Concerns\RoutesRequests.php(372): Laravel\Lumen\Application->handleFoundRoute(Array)
#9 C:\xampp\htdocs\vaimo_store\vendor\laravel\lumen-framework\src\Concerns\RoutesRequests.php(620): Laravel\Lumen\Application->Laravel\Lumen\Concerns\{closure}()
#10 C:\xampp\htdocs\vaimo_store\vendor\laravel\lumen-framework\src\Concerns\RoutesRequests.php(378): Laravel\Lumen\Application->sendThroughPipeline(Array, Object(Closure))
#11 C:\xampp\htdocs\vaimo_store\vendor\laravel\lumen-framework\src\Concerns\RoutesRequests.php(323): Laravel\Lumen\Application->dispatch(NULL)
#12 C:\xampp\htdocs\vaimo_store\public\index.php(29): Laravel\Lumen\Application->run()
#13 {main}  
[2018-11-23 00:10:49] lumen.ERROR: RuntimeException: A facade root has not been set. in C:\xampp\htdocs\vaimo_store\vendor\illuminate\support\Facades\Facade.php:208
Stack trace:
#0 C:\xampp\htdocs\vaimo_store\app\Http\Controllers\NewsletterController.php(21): Illuminate\Support\Facades\Facade::__callStatic('info', Array)
#1 [internal function]: App\Http\Controllers\NewsletterController->subscribe(Object(Illuminate\Http\Request))
#2 C:\xampp\htdocs\vaimo_store\vendor\illuminate\container\Container.php(507): call_user_func_array(Array, Array)
#3 C:\xampp\htdocs\vaimo_store\vendor\laravel\lumen-framework\src\Concerns\RoutesRequests.php(577): Illuminate\Container\Container->call(Array, Array)
#4 C:\xampp\htdocs\vaimo_store\vendor\laravel\lumen-framework\src\Concerns\RoutesRequests.php(543): Laravel\Lumen\Application->callControllerCallable(Array, Array)
#5 C:\xampp\htdocs\vaimo_store\vendor\laravel\lumen-framework\src\Concerns\RoutesRequests.php(517): Laravel\Lumen\Application->callLumenController(Object(App\Http\Controllers\NewsletterController), 'subscribe', Array)
#6 C:\xampp\htdocs\vaimo_store\vendor\laravel\lumen-framework\src\Concerns\RoutesRequests.php(485): Laravel\Lumen\Application->callControllerAction(Array)
#7 C:\xampp\htdocs\vaimo_store\vendor\laravel\lumen-framework\src\Concerns\RoutesRequests.php(470): Laravel\Lumen\Application->callActionOnArrayBasedRoute(Array)
#8 C:\xampp\htdocs\vaimo_store\vendor\laravel\lumen-framework\src\Concerns\RoutesRequests.php(372): Laravel\Lumen\Application->handleFoundRoute(Array)
#9 C:\xampp\htdocs\vaimo_store\vendor\laravel\lumen-framework\src\Concerns\RoutesRequests.php(620): Laravel\Lumen\Application->Laravel\Lumen\Concerns\{closure}()
#10 C:\xampp\htdocs\vaimo_store\vendor\laravel\lumen-framework\src\Concerns\RoutesRequests.php(378): Laravel\Lumen\Application->sendThroughPipeline(Array, Object(Closure))
#11 C:\xampp\htdocs\vaimo_store\vendor\laravel\lumen-framework\src\Concerns\RoutesRequests.php(323): Laravel\Lumen\Application->dispatch(NULL)
#12 C:\xampp\htdocs\vaimo_store\public\index.php(29): Laravel\Lumen\Application->run()
#13 {main}  
[2018-11-23 00:10:57] lumen.ERROR: RuntimeException: A facade root has not been set. in C:\xampp\htdocs\vaimo_store\vendor\illuminate\support\Facades\Facade.php:208
Stack trace:
#0 C:\xampp\htdocs\vaimo_store\app\Http\Controllers\NewsletterController.php(21): Illuminate\Support\Facades\Facade::__callStatic('info', Array)
#1 [internal function]: App\Http\Controllers\NewsletterController->subscribe(Object(Illuminate\Http\Request))
#2 C:\xampp\htdocs\vaimo_store\vendor\illuminate\container\Container.php(507): call_user_func_array(Array, Array)
#3 C:\xampp\htdocs\vaimo_store\vendor\laravel\lumen-framework\src\Concerns\RoutesRequests.php(577): Illuminate\Container\Container->call(Array, Array)
#4 C:\xampp\htdocs\vaimo_store\vendor\laravel\lumen-framework\src\Concerns\RoutesRequests.php(543): Laravel\Lumen\Application->callControllerCallable(Array, Array)
#5 C:\xampp\htdocs\vaimo_store\vendor\laravel\lumen-framework\src\Concerns\RoutesRequests.php(517): Laravel\Lumen\Application->callLumenController(Object(App\Http\Controllers\NewsletterController), 'subscribe', Array)
#6 C:\xampp\htdocs\vaimo_store\vendor\laravel\lumen-framework\src\Concerns\RoutesRequests.php(485): Laravel\Lumen\Application->callControllerAction(Array)
#7 C:\xampp\htdocs\vaimo_store\vendor\laravel\lumen-framework\src\Concerns\RoutesRequests.php(470): Laravel\Lumen\Application->callActionOnArrayBasedRoute(Array)
#8 C:\xampp\htdocs\vaimo_store\vendor\laravel\lumen-framework\src\Concerns\RoutesRequests.php(372): Laravel\Lumen\Application->handleFoundRoute(Array)
#9 C:\xampp\htdocs\vaimo_store\vendor\laravel\lumen-framework\src\Concerns\RoutesRequests.php(620): Laravel\Lumen\Application->Laravel\Lumen\Concerns\{closure}()
#10 C:\xampp\htdocs\vaimo_store\vendor\laravel\lumen-framework\src\Concerns\RoutesRequests.php(378): Laravel\Lumen\Application->sendThroughPipeline(Array, Object(Closure))
#11 C:\xampp\htdocs\vaimo_store\vendor\laravel\lumen-framework\src\Concerns\RoutesRequests.php(323): Laravel\Lumen\Application->dispatch(NULL)
#12 C:\xampp\htdocs\vaimo_store\public\index.php(29): Laravel\Lumen\Application->run()
#13 {main}  
[2018-11-23 00:13:16] lumen.ERROR: Symfony\Component\Debug\Exception\FatalThrowableError: Fatal error: Class 'Log' not found in C:\xampp\htdocs\vaimo_store\app\Http\Controllers\NewsletterController.php:21
Stack trace:
#0 [internal function]: App\Http\Controllers\NewsletterController->subscribe(Object(Illuminate\Http\Request))
#1 C:\xampp\htdocs\vaimo_store\vendor\illuminate\container\Container.php(507): call_user_func_array(Array, Array)
#2 C:\xampp\htdocs\vaimo_store\vendor\laravel\lumen-framework\src\Concerns\RoutesRequests.php(577): Illuminate\Container\Container->call(Array, Array)
#3 C:\xampp\htdocs\vaimo_store\vendor\laravel\lumen-framework\src\Concerns\RoutesRequests.php(543): Laravel\Lumen\Application->callControllerCallable(Array, Array)
#4 C:\xampp\htdocs\vaimo_store\vendor\laravel\lumen-framework\src\Concerns\RoutesRequests.php(517): Laravel\Lumen\Application->callLumenController(Object(App\Http\Controllers\NewsletterController), 'subscribe', Array)
#5 C:\xampp\htdocs\vaimo_store\vendor\laravel\lumen-framework\src\Concerns\RoutesRequests.php(485): Laravel\Lumen\Application->callControllerAction(Array)
#6 C:\xampp\htdocs\vaimo_store\vendor\laravel\lumen-framework\src\Concerns\RoutesRequests.php(470): Laravel\Lumen\Application->callActionOnArrayBasedRoute(Array)
#7 C:\xampp\htdocs\vaimo_store\vendor\laravel\lumen-framework\src\Concerns\RoutesRequests.php(372): Laravel\Lumen\Application->handleFoundRoute(Array)
#8 C:\xampp\htdocs\vaimo_store\vendor\laravel\lumen-framework\src\Concerns\RoutesRequests.php(620): Laravel\Lumen\Application->Laravel\Lumen\Concerns\{closure}()
#9 C:\xampp\htdocs\vaimo_store\vendor\laravel\lumen-framework\src\Concerns\RoutesRequests.php(378): Laravel\Lumen\Application->sendThroughPipeline(Array, Object(Closure))
#10 C:\xampp\htdocs\vaimo_store\vendor\laravel\lumen-framework\src\Concerns\RoutesRequests.php(323): Laravel\Lumen\Application->dispatch(NULL)
#11 C:\xampp\htdocs\vaimo_store\public\index.php(29): Laravel\Lumen\Application->run()
#12 {main}  
[2018-11-23 00:13:27] lumen.ERROR: Symfony\Component\Debug\Exception\FatalThrowableError: Fatal error: Class 'Log' not found in C:\xampp\htdocs\vaimo_store\app\Http\Controllers\NewsletterController.php:21
Stack trace:
#0 [internal function]: App\Http\Controllers\NewsletterController->subscribe(Object(Illuminate\Http\Request))
#1 C:\xampp\htdocs\vaimo_store\vendor\illuminate\container\Container.php(507): call_user_func_array(Array, Array)
#2 C:\xampp\htdocs\vaimo_store\vendor\laravel\lumen-framework\src\Concerns\RoutesRequests.php(577): Illuminate\Container\Container->call(Array, Array)
#3 C:\xampp\htdocs\vaimo_store\vendor\laravel\lumen-framework\src\Concerns\RoutesRequests.php(543): Laravel\Lumen\Application->callControllerCallable(Array, Array)
#4 C:\xampp\htdocs\vaimo_store\vendor\laravel\lumen-framework\src\Concerns\RoutesRequests.php(517): Laravel\Lumen\Application->callLumenController(Object(App\Http\Controllers\NewsletterController), 'subscribe', Array)
#5 C:\xampp\htdocs\vaimo_store\vendor\laravel\lumen-framework\src\Concerns\RoutesRequests.php(485): Laravel\Lumen\Application->callControllerAction(Array)
#6 C:\xampp\htdocs\vaimo_store\vendor\laravel\lumen-framework\src\Concerns\RoutesRequests.php(470): Laravel\Lumen\Application->callActionOnArrayBasedRoute(Array)
#7 C:\xampp\htdocs\vaimo_store\vendor\laravel\lumen-framework\src\Concerns\RoutesRequests.php(372): Laravel\Lumen\Application->handleFoundRoute(Array)
#8 C:\xampp\htdocs\vaimo_store\vendor\laravel\lumen-framework\src\Concerns\RoutesRequests.php(620): Laravel\Lumen\Application->Laravel\Lumen\Concerns\{closure}()
#9 C:\xampp\htdocs\vaimo_store\vendor\laravel\lumen-framework\src\Concerns\RoutesRequests.php(378): Laravel\Lumen\Application->sendThroughPipeline(Array, Object(Closure))
#10 C:\xampp\htdocs\vaimo_store\vendor\laravel\lumen-framework\src\Concerns\RoutesRequests.php(323): Laravel\Lumen\Application->dispatch(NULL)
#11 C:\xampp\htdocs\vaimo_store\public\index.php(29): Laravel\Lumen\Application->run()
#12 {main}  
[2018-11-23 00:15:17] lumen.ERROR: Symfony\Component\Debug\Exception\FatalThrowableError: Fatal error: Class 'App\Http\Controllers\Log' not found in C:\xampp\htdocs\vaimo_store\app\Http\Controllers\NewsletterController.php:20
Stack trace:
#0 [internal function]: App\Http\Controllers\NewsletterController->subscribe(Object(Illuminate\Http\Request))
#1 C:\xampp\htdocs\vaimo_store\vendor\illuminate\container\Container.php(507): call_user_func_array(Array, Array)
#2 C:\xampp\htdocs\vaimo_store\vendor\laravel\lumen-framework\src\Concerns\RoutesRequests.php(577): Illuminate\Container\Container->call(Array, Array)
#3 C:\xampp\htdocs\vaimo_store\vendor\laravel\lumen-framework\src\Concerns\RoutesRequests.php(543): Laravel\Lumen\Application->callControllerCallable(Array, Array)
#4 C:\xampp\htdocs\vaimo_store\vendor\laravel\lumen-framework\src\Concerns\RoutesRequests.php(517): Laravel\Lumen\Application->callLumenController(Object(App\Http\Controllers\NewsletterController), 'subscribe', Array)
#5 C:\xampp\htdocs\vaimo_store\vendor\laravel\lumen-framework\src\Concerns\RoutesRequests.php(485): Laravel\Lumen\Application->callControllerAction(Array)
#6 C:\xampp\htdocs\vaimo_store\vendor\laravel\lumen-framework\src\Concerns\RoutesRequests.php(470): Laravel\Lumen\Application->callActionOnArrayBasedRoute(Array)
#7 C:\xampp\htdocs\vaimo_store\vendor\laravel\lumen-framework\src\Concerns\RoutesRequests.php(372): Laravel\Lumen\Application->handleFoundRoute(Array)
#8 C:\xampp\htdocs\vaimo_store\vendor\laravel\lumen-framework\src\Concerns\RoutesRequests.php(620): Laravel\Lumen\Application->Laravel\Lumen\Concerns\{closure}()
#9 C:\xampp\htdocs\vaimo_store\vendor\laravel\lumen-framework\src\Concerns\RoutesRequests.php(378): Laravel\Lumen\Application->sendThroughPipeline(Array, Object(Closure))
#10 C:\xampp\htdocs\vaimo_store\vendor\laravel\lumen-framework\src\Concerns\RoutesRequests.php(323): Laravel\Lumen\Application->dispatch(NULL)
#11 C:\xampp\htdocs\vaimo_store\public\index.php(29): Laravel\Lumen\Application->run()
#12 {main}  
[2018-11-23 00:35:06] lumen.ERROR: ErrorException: Undefined variable: responseText in C:\xampp\htdocs\vaimo_store\app\Http\Controllers\NewsletterController.php:22
Stack trace:
#0 C:\xampp\htdocs\vaimo_store\app\Http\Controllers\NewsletterController.php(22): Laravel\Lumen\Application->Laravel\Lumen\Concerns\{closure}(8, 'Undefined varia...', 'C:\\xampp\\htdocs...', 22, Array)
#1 [internal function]: App\Http\Controllers\NewsletterController->subscribe(Object(Illuminate\Http\Request))
#2 C:\xampp\htdocs\vaimo_store\vendor\illuminate\container\Container.php(507): call_user_func_array(Array, Array)
#3 C:\xampp\htdocs\vaimo_store\vendor\laravel\lumen-framework\src\Concerns\RoutesRequests.php(577): Illuminate\Container\Container->call(Array, Array)
#4 C:\xampp\htdocs\vaimo_store\vendor\laravel\lumen-framework\src\Concerns\RoutesRequests.php(543): Laravel\Lumen\Application->callControllerCallable(Array, Array)
#5 C:\xampp\htdocs\vaimo_store\vendor\laravel\lumen-framework\src\Concerns\RoutesRequests.php(517): Laravel\Lumen\Application->callLumenController(Object(App\Http\Controllers\NewsletterController), 'subscribe', Array)
#6 C:\xampp\htdocs\vaimo_store\vendor\laravel\lumen-framework\src\Concerns\RoutesRequests.php(485): Laravel\Lumen\Application->callControllerAction(Array)
#7 C:\xampp\htdocs\vaimo_store\vendor\laravel\lumen-framework\src\Concerns\RoutesRequests.php(470): Laravel\Lumen\Application->callActionOnArrayBasedRoute(Array)
#8 C:\xampp\htdocs\vaimo_store\vendor\laravel\lumen-framework\src\Concerns\RoutesRequests.php(372): Laravel\Lumen\Application->handleFoundRoute(Array)
#9 C:\xampp\htdocs\vaimo_store\vendor\laravel\lumen-framework\src\Concerns\RoutesRequests.php(620): Laravel\Lumen\Application->Laravel\Lumen\Concerns\{closure}()
#10 C:\xampp\htdocs\vaimo_store\vendor\laravel\lumen-framework\src\Concerns\RoutesRequests.php(378): Laravel\Lumen\Application->sendThroughPipeline(Array, Object(Closure))
#11 C:\xampp\htdocs\vaimo_store\vendor\laravel\lumen-framework\src\Concerns\RoutesRequests.php(323): Laravel\Lumen\Application->dispatch(NULL)
#12 C:\xampp\htdocs\vaimo_store\public\index.php(29): Laravel\Lumen\Application->run()
#13 {main}  
[2018-11-23 00:41:39] lumen.ERROR: ErrorException: Undefined variable: email in C:\xampp\htdocs\vaimo_store\app\Http\Controllers\NewsletterController.php:25
Stack trace:
#0 C:\xampp\htdocs\vaimo_store\app\Http\Controllers\NewsletterController.php(25): Laravel\Lumen\Application->Laravel\Lumen\Concerns\{closure}(8, 'Undefined varia...', 'C:\\xampp\\htdocs...', 25, Array)
#1 [internal function]: App\Http\Controllers\NewsletterController->subscribe(Object(Illuminate\Http\Request))
#2 C:\xampp\htdocs\vaimo_store\vendor\illuminate\container\Container.php(507): call_user_func_array(Array, Array)
#3 C:\xampp\htdocs\vaimo_store\vendor\laravel\lumen-framework\src\Concerns\RoutesRequests.php(577): Illuminate\Container\Container->call(Array, Array)
#4 C:\xampp\htdocs\vaimo_store\vendor\laravel\lumen-framework\src\Concerns\RoutesRequests.php(543): Laravel\Lumen\Application->callControllerCallable(Array, Array)
#5 C:\xampp\htdocs\vaimo_store\vendor\laravel\lumen-framework\src\Concerns\RoutesRequests.php(517): Laravel\Lumen\Application->callLumenController(Object(App\Http\Controllers\NewsletterController), 'subscribe', Array)
#6 C:\xampp\htdocs\vaimo_store\vendor\laravel\lumen-framework\src\Concerns\RoutesRequests.php(485): Laravel\Lumen\Application->callControllerAction(Array)
#7 C:\xampp\htdocs\vaimo_store\vendor\laravel\lumen-framework\src\Concerns\RoutesRequests.php(470): Laravel\Lumen\Application->callActionOnArrayBasedRoute(Array)
#8 C:\xampp\htdocs\vaimo_store\vendor\laravel\lumen-framework\src\Concerns\RoutesRequests.php(372): Laravel\Lumen\Application->handleFoundRoute(Array)
#9 C:\xampp\htdocs\vaimo_store\vendor\laravel\lumen-framework\src\Concerns\RoutesRequests.php(620): Laravel\Lumen\Application->Laravel\Lumen\Concerns\{closure}()
#10 C:\xampp\htdocs\vaimo_store\vendor\laravel\lumen-framework\src\Concerns\RoutesRequests.php(378): Laravel\Lumen\Application->sendThroughPipeline(Array, Object(Closure))
#11 C:\xampp\htdocs\vaimo_store\vendor\laravel\lumen-framework\src\Concerns\RoutesRequests.php(323): Laravel\Lumen\Application->dispatch(NULL)
#12 C:\xampp\htdocs\vaimo_store\public\index.php(29): Laravel\Lumen\Application->run()
#13 {main}  
[2018-11-23 01:02:36] lumen.ERROR: ErrorException: Array to string conversion in C:\xampp\htdocs\vaimo_store\app\Http\Controllers\NewsletterController.php:13
Stack trace:
#0 C:\xampp\htdocs\vaimo_store\app\Http\Controllers\NewsletterController.php(13): Laravel\Lumen\Application->Laravel\Lumen\Concerns\{closure}(8, 'Array to string...', 'C:\\xampp\\htdocs...', 13, Array)
#1 [internal function]: App\Http\Controllers\NewsletterController->subscribe(Object(Illuminate\Http\Request))
#2 C:\xampp\htdocs\vaimo_store\vendor\illuminate\container\Container.php(507): call_user_func_array(Array, Array)
#3 C:\xampp\htdocs\vaimo_store\vendor\laravel\lumen-framework\src\Concerns\RoutesRequests.php(577): Illuminate\Container\Container->call(Array, Array)
#4 C:\xampp\htdocs\vaimo_store\vendor\laravel\lumen-framework\src\Concerns\RoutesRequests.php(543): Laravel\Lumen\Application->callControllerCallable(Array, Array)
#5 C:\xampp\htdocs\vaimo_store\vendor\laravel\lumen-framework\src\Concerns\RoutesRequests.php(517): Laravel\Lumen\Application->callLumenController(Object(App\Http\Controllers\NewsletterController), 'subscribe', Array)
#6 C:\xampp\htdocs\vaimo_store\vendor\laravel\lumen-framework\src\Concerns\RoutesRequests.php(485): Laravel\Lumen\Application->callControllerAction(Array)
#7 C:\xampp\htdocs\vaimo_store\vendor\laravel\lumen-framework\src\Concerns\RoutesRequests.php(470): Laravel\Lumen\Application->callActionOnArrayBasedRoute(Array)
#8 C:\xampp\htdocs\vaimo_store\vendor\laravel\lumen-framework\src\Concerns\RoutesRequests.php(372): Laravel\Lumen\Application->handleFoundRoute(Array)
#9 C:\xampp\htdocs\vaimo_store\vendor\laravel\lumen-framework\src\Concerns\RoutesRequests.php(620): Laravel\Lumen\Application->Laravel\Lumen\Concerns\{closure}()
#10 C:\xampp\htdocs\vaimo_store\vendor\laravel\lumen-framework\src\Concerns\RoutesRequests.php(378): Laravel\Lumen\Application->sendThroughPipeline(Array, Object(Closure))
#11 C:\xampp\htdocs\vaimo_store\vendor\laravel\lumen-framework\src\Concerns\RoutesRequests.php(323): Laravel\Lumen\Application->dispatch(NULL)
#12 C:\xampp\htdocs\vaimo_store\public\index.php(29): Laravel\Lumen\Application->run()
#13 {main}  
[2018-11-23 01:03:49] lumen.ERROR: ErrorException: Array to string conversion in C:\xampp\htdocs\vaimo_store\app\Http\Controllers\NewsletterController.php:14
Stack trace:
#0 C:\xampp\htdocs\vaimo_store\app\Http\Controllers\NewsletterController.php(14): Laravel\Lumen\Application->Laravel\Lumen\Concerns\{closure}(8, 'Array to string...', 'C:\\xampp\\htdocs...', 14, Array)
#1 [internal function]: App\Http\Controllers\NewsletterController->subscribe(Object(Illuminate\Http\Request))
#2 C:\xampp\htdocs\vaimo_store\vendor\illuminate\container\Container.php(507): call_user_func_array(Array, Array)
#3 C:\xampp\htdocs\vaimo_store\vendor\laravel\lumen-framework\src\Concerns\RoutesRequests.php(577): Illuminate\Container\Container->call(Array, Array)
#4 C:\xampp\htdocs\vaimo_store\vendor\laravel\lumen-framework\src\Concerns\RoutesRequests.php(543): Laravel\Lumen\Application->callControllerCallable(Array, Array)
#5 C:\xampp\htdocs\vaimo_store\vendor\laravel\lumen-framework\src\Concerns\RoutesRequests.php(517): Laravel\Lumen\Application->callLumenController(Object(App\Http\Controllers\NewsletterController), 'subscribe', Array)
#6 C:\xampp\htdocs\vaimo_store\vendor\laravel\lumen-framework\src\Concerns\RoutesRequests.php(485): Laravel\Lumen\Application->callControllerAction(Array)
#7 C:\xampp\htdocs\vaimo_store\vendor\laravel\lumen-framework\src\Concerns\RoutesRequests.php(470): Laravel\Lumen\Application->callActionOnArrayBasedRoute(Array)
#8 C:\xampp\htdocs\vaimo_store\vendor\laravel\lumen-framework\src\Concerns\RoutesRequests.php(372): Laravel\Lumen\Application->handleFoundRoute(Array)
#9 C:\xampp\htdocs\vaimo_store\vendor\laravel\lumen-framework\src\Concerns\RoutesRequests.php(620): Laravel\Lumen\Application->Laravel\Lumen\Concerns\{closure}()
#10 C:\xampp\htdocs\vaimo_store\vendor\laravel\lumen-framework\src\Concerns\RoutesRequests.php(378): Laravel\Lumen\Application->sendThroughPipeline(Array, Object(Closure))
#11 C:\xampp\htdocs\vaimo_store\vendor\laravel\lumen-framework\src\Concerns\RoutesRequests.php(323): Laravel\Lumen\Application->dispatch(NULL)
#12 C:\xampp\htdocs\vaimo_store\public\index.php(29): Laravel\Lumen\Application->run()
#13 {main}  
[2018-11-23 01:05:20] lumen.ERROR: ErrorException: Array to string conversion in C:\xampp\htdocs\vaimo_store\app\Http\Controllers\NewsletterController.php:13
Stack trace:
#0 C:\xampp\htdocs\vaimo_store\app\Http\Controllers\NewsletterController.php(13): Laravel\Lumen\Application->Laravel\Lumen\Concerns\{closure}(8, 'Array to string...', 'C:\\xampp\\htdocs...', 13, Array)
#1 [internal function]: App\Http\Controllers\NewsletterController->subscribe(Object(Illuminate\Http\Request))
#2 C:\xampp\htdocs\vaimo_store\vendor\illuminate\container\Container.php(507): call_user_func_array(Array, Array)
#3 C:\xampp\htdocs\vaimo_store\vendor\laravel\lumen-framework\src\Concerns\RoutesRequests.php(577): Illuminate\Container\Container->call(Array, Array)
#4 C:\xampp\htdocs\vaimo_store\vendor\laravel\lumen-framework\src\Concerns\RoutesRequests.php(543): Laravel\Lumen\Application->callControllerCallable(Array, Array)
#5 C:\xampp\htdocs\vaimo_store\vendor\laravel\lumen-framework\src\Concerns\RoutesRequests.php(517): Laravel\Lumen\Application->callLumenController(Object(App\Http\Controllers\NewsletterController), 'subscribe', Array)
#6 C:\xampp\htdocs\vaimo_store\vendor\laravel\lumen-framework\src\Concerns\RoutesRequests.php(485): Laravel\Lumen\Application->callControllerAction(Array)
#7 C:\xampp\htdocs\vaimo_store\vendor\laravel\lumen-framework\src\Concerns\RoutesRequests.php(470): Laravel\Lumen\Application->callActionOnArrayBasedRoute(Array)
#8 C:\xampp\htdocs\vaimo_store\vendor\laravel\lumen-framework\src\Concerns\RoutesRequests.php(372): Laravel\Lumen\Application->handleFoundRoute(Array)
#9 C:\xampp\htdocs\vaimo_store\vendor\laravel\lumen-framework\src\Concerns\RoutesRequests.php(620): Laravel\Lumen\Application->Laravel\Lumen\Concerns\{closure}()
#10 C:\xampp\htdocs\vaimo_store\vendor\laravel\lumen-framework\src\Concerns\RoutesRequests.php(378): Laravel\Lumen\Application->sendThroughPipeline(Array, Object(Closure))
#11 C:\xampp\htdocs\vaimo_store\vendor\laravel\lumen-framework\src\Concerns\RoutesRequests.php(323): Laravel\Lumen\Application->dispatch(NULL)
#12 C:\xampp\htdocs\vaimo_store\public\index.php(29): Laravel\Lumen\Application->run()
#13 {main}  
[2018-11-23 01:06:09] lumen.ERROR: ErrorException: Array to string conversion in C:\xampp\htdocs\vaimo_store\app\Http\Controllers\NewsletterController.php:13
Stack trace:
#0 C:\xampp\htdocs\vaimo_store\app\Http\Controllers\NewsletterController.php(13): Laravel\Lumen\Application->Laravel\Lumen\Concerns\{closure}(8, 'Array to string...', 'C:\\xampp\\htdocs...', 13, Array)
#1 [internal function]: App\Http\Controllers\NewsletterController->subscribe(Object(Illuminate\Http\Request))
#2 C:\xampp\htdocs\vaimo_store\vendor\illuminate\container\Container.php(507): call_user_func_array(Array, Array)
#3 C:\xampp\htdocs\vaimo_store\vendor\laravel\lumen-framework\src\Concerns\RoutesRequests.php(577): Illuminate\Container\Container->call(Array, Array)
#4 C:\xampp\htdocs\vaimo_store\vendor\laravel\lumen-framework\src\Concerns\RoutesRequests.php(543): Laravel\Lumen\Application->callControllerCallable(Array, Array)
#5 C:\xampp\htdocs\vaimo_store\vendor\laravel\lumen-framework\src\Concerns\RoutesRequests.php(517): Laravel\Lumen\Application->callLumenController(Object(App\Http\Controllers\NewsletterController), 'subscribe', Array)
#6 C:\xampp\htdocs\vaimo_store\vendor\laravel\lumen-framework\src\Concerns\RoutesRequests.php(485): Laravel\Lumen\Application->callControllerAction(Array)
#7 C:\xampp\htdocs\vaimo_store\vendor\laravel\lumen-framework\src\Concerns\RoutesRequests.php(470): Laravel\Lumen\Application->callActionOnArrayBasedRoute(Array)
#8 C:\xampp\htdocs\vaimo_store\vendor\laravel\lumen-framework\src\Concerns\RoutesRequests.php(372): Laravel\Lumen\Application->handleFoundRoute(Array)
#9 C:\xampp\htdocs\vaimo_store\vendor\laravel\lumen-framework\src\Concerns\RoutesRequests.php(620): Laravel\Lumen\Application->Laravel\Lumen\Concerns\{closure}()
#10 C:\xampp\htdocs\vaimo_store\vendor\laravel\lumen-framework\src\Concerns\RoutesRequests.php(378): Laravel\Lumen\Application->sendThroughPipeline(Array, Object(Closure))
#11 C:\xampp\htdocs\vaimo_store\vendor\laravel\lumen-framework\src\Concerns\RoutesRequests.php(323): Laravel\Lumen\Application->dispatch(NULL)
#12 C:\xampp\htdocs\vaimo_store\public\index.php(29): Laravel\Lumen\Application->run()
#13 {main}  
[2018-11-23 01:07:06] lumen.ERROR: ErrorException: Array to string conversion in C:\xampp\htdocs\vaimo_store\app\Http\Controllers\NewsletterController.php:13
Stack trace:
#0 C:\xampp\htdocs\vaimo_store\app\Http\Controllers\NewsletterController.php(13): Laravel\Lumen\Application->Laravel\Lumen\Concerns\{closure}(8, 'Array to string...', 'C:\\xampp\\htdocs...', 13, Array)
#1 [internal function]: App\Http\Controllers\NewsletterController->subscribe(Object(Illuminate\Http\Request))
#2 C:\xampp\htdocs\vaimo_store\vendor\illuminate\container\Container.php(507): call_user_func_array(Array, Array)
#3 C:\xampp\htdocs\vaimo_store\vendor\laravel\lumen-framework\src\Concerns\RoutesRequests.php(577): Illuminate\Container\Container->call(Array, Array)
#4 C:\xampp\htdocs\vaimo_store\vendor\laravel\lumen-framework\src\Concerns\RoutesRequests.php(543): Laravel\Lumen\Application->callControllerCallable(Array, Array)
#5 C:\xampp\htdocs\vaimo_store\vendor\laravel\lumen-framework\src\Concerns\RoutesRequests.php(517): Laravel\Lumen\Application->callLumenController(Object(App\Http\Controllers\NewsletterController), 'subscribe', Array)
#6 C:\xampp\htdocs\vaimo_store\vendor\laravel\lumen-framework\src\Concerns\RoutesRequests.php(485): Laravel\Lumen\Application->callControllerAction(Array)
#7 C:\xampp\htdocs\vaimo_store\vendor\laravel\lumen-framework\src\Concerns\RoutesRequests.php(470): Laravel\Lumen\Application->callActionOnArrayBasedRoute(Array)
#8 C:\xampp\htdocs\vaimo_store\vendor\laravel\lumen-framework\src\Concerns\RoutesRequests.php(372): Laravel\Lumen\Application->handleFoundRoute(Array)
#9 C:\xampp\htdocs\vaimo_store\vendor\laravel\lumen-framework\src\Concerns\RoutesRequests.php(620): Laravel\Lumen\Application->Laravel\Lumen\Concerns\{closure}()
#10 C:\xampp\htdocs\vaimo_store\vendor\laravel\lumen-framework\src\Concerns\RoutesRequests.php(378): Laravel\Lumen\Application->sendThroughPipeline(Array, Object(Closure))
#11 C:\xampp\htdocs\vaimo_store\vendor\laravel\lumen-framework\src\Concerns\RoutesRequests.php(323): Laravel\Lumen\Application->dispatch(NULL)
#12 C:\xampp\htdocs\vaimo_store\public\index.php(29): Laravel\Lumen\Application->run()
#13 {main}  
[2018-11-23 01:07:21] lumen.ERROR: ErrorException: Array to string conversion in C:\xampp\htdocs\vaimo_store\app\Http\Controllers\NewsletterController.php:13
Stack trace:
#0 C:\xampp\htdocs\vaimo_store\app\Http\Controllers\NewsletterController.php(13): Laravel\Lumen\Application->Laravel\Lumen\Concerns\{closure}(8, 'Array to string...', 'C:\\xampp\\htdocs...', 13, Array)
#1 [internal function]: App\Http\Controllers\NewsletterController->subscribe(Object(Illuminate\Http\Request))
#2 C:\xampp\htdocs\vaimo_store\vendor\illuminate\container\Container.php(507): call_user_func_array(Array, Array)
#3 C:\xampp\htdocs\vaimo_store\vendor\laravel\lumen-framework\src\Concerns\RoutesRequests.php(577): Illuminate\Container\Container->call(Array, Array)
#4 C:\xampp\htdocs\vaimo_store\vendor\laravel\lumen-framework\src\Concerns\RoutesRequests.php(543): Laravel\Lumen\Application->callControllerCallable(Array, Array)
#5 C:\xampp\htdocs\vaimo_store\vendor\laravel\lumen-framework\src\Concerns\RoutesRequests.php(517): Laravel\Lumen\Application->callLumenController(Object(App\Http\Controllers\NewsletterController), 'subscribe', Array)
#6 C:\xampp\htdocs\vaimo_store\vendor\laravel\lumen-framework\src\Concerns\RoutesRequests.php(485): Laravel\Lumen\Application->callControllerAction(Array)
#7 C:\xampp\htdocs\vaimo_store\vendor\laravel\lumen-framework\src\Concerns\RoutesRequests.php(470): Laravel\Lumen\Application->callActionOnArrayBasedRoute(Array)
#8 C:\xampp\htdocs\vaimo_store\vendor\laravel\lumen-framework\src\Concerns\RoutesRequests.php(372): Laravel\Lumen\Application->handleFoundRoute(Array)
#9 C:\xampp\htdocs\vaimo_store\vendor\laravel\lumen-framework\src\Concerns\RoutesRequests.php(620): Laravel\Lumen\Application->Laravel\Lumen\Concerns\{closure}()
#10 C:\xampp\htdocs\vaimo_store\vendor\laravel\lumen-framework\src\Concerns\RoutesRequests.php(378): Laravel\Lumen\Application->sendThroughPipeline(Array, Object(Closure))
#11 C:\xampp\htdocs\vaimo_store\vendor\laravel\lumen-framework\src\Concerns\RoutesRequests.php(323): Laravel\Lumen\Application->dispatch(NULL)
#12 C:\xampp\htdocs\vaimo_store\public\index.php(29): Laravel\Lumen\Application->run()
#13 {main}  
[2018-11-23 01:13:01] lumen.ERROR: ErrorException: Array to string conversion in C:\xampp\htdocs\vaimo_store\app\Http\Controllers\NewsletterController.php:13
Stack trace:
#0 C:\xampp\htdocs\vaimo_store\app\Http\Controllers\NewsletterController.php(13): Laravel\Lumen\Application->Laravel\Lumen\Concerns\{closure}(8, 'Array to string...', 'C:\\xampp\\htdocs...', 13, Array)
#1 [internal function]: App\Http\Controllers\NewsletterController->subscribe(Object(Illuminate\Http\Request))
#2 C:\xampp\htdocs\vaimo_store\vendor\illuminate\container\Container.php(507): call_user_func_array(Array, Array)
#3 C:\xampp\htdocs\vaimo_store\vendor\laravel\lumen-framework\src\Concerns\RoutesRequests.php(577): Illuminate\Container\Container->call(Array, Array)
#4 C:\xampp\htdocs\vaimo_store\vendor\laravel\lumen-framework\src\Concerns\RoutesRequests.php(543): Laravel\Lumen\Application->callControllerCallable(Array, Array)
#5 C:\xampp\htdocs\vaimo_store\vendor\laravel\lumen-framework\src\Concerns\RoutesRequests.php(517): Laravel\Lumen\Application->callLumenController(Object(App\Http\Controllers\NewsletterController), 'subscribe', Array)
#6 C:\xampp\htdocs\vaimo_store\vendor\laravel\lumen-framework\src\Concerns\RoutesRequests.php(485): Laravel\Lumen\Application->callControllerAction(Array)
#7 C:\xampp\htdocs\vaimo_store\vendor\laravel\lumen-framework\src\Concerns\RoutesRequests.php(470): Laravel\Lumen\Application->callActionOnArrayBasedRoute(Array)
#8 C:\xampp\htdocs\vaimo_store\vendor\laravel\lumen-framework\src\Concerns\RoutesRequests.php(372): Laravel\Lumen\Application->handleFoundRoute(Array)
#9 C:\xampp\htdocs\vaimo_store\vendor\laravel\lumen-framework\src\Concerns\RoutesRequests.php(620): Laravel\Lumen\Application->Laravel\Lumen\Concerns\{closure}()
#10 C:\xampp\htdocs\vaimo_store\vendor\laravel\lumen-framework\src\Concerns\RoutesRequests.php(378): Laravel\Lumen\Application->sendThroughPipeline(Array, Object(Closure))
#11 C:\xampp\htdocs\vaimo_store\vendor\laravel\lumen-framework\src\Concerns\RoutesRequests.php(323): Laravel\Lumen\Application->dispatch(NULL)
#12 C:\xampp\htdocs\vaimo_store\public\index.php(29): Laravel\Lumen\Application->run()
#13 {main}  
[2018-11-23 01:14:52] lumen.ERROR: ErrorException: Array to string conversion in C:\xampp\htdocs\vaimo_store\app\Http\Controllers\NewsletterController.php:15
Stack trace:
#0 C:\xampp\htdocs\vaimo_store\app\Http\Controllers\NewsletterController.php(15): Laravel\Lumen\Application->Laravel\Lumen\Concerns\{closure}(8, 'Array to string...', 'C:\\xampp\\htdocs...', 15, Array)
#1 [internal function]: App\Http\Controllers\NewsletterController->subscribe(Object(Illuminate\Http\Request))
#2 C:\xampp\htdocs\vaimo_store\vendor\illuminate\container\Container.php(507): call_user_func_array(Array, Array)
#3 C:\xampp\htdocs\vaimo_store\vendor\laravel\lumen-framework\src\Concerns\RoutesRequests.php(577): Illuminate\Container\Container->call(Array, Array)
#4 C:\xampp\htdocs\vaimo_store\vendor\laravel\lumen-framework\src\Concerns\RoutesRequests.php(543): Laravel\Lumen\Application->callControllerCallable(Array, Array)
#5 C:\xampp\htdocs\vaimo_store\vendor\laravel\lumen-framework\src\Concerns\RoutesRequests.php(517): Laravel\Lumen\Application->callLumenController(Object(App\Http\Controllers\NewsletterController), 'subscribe', Array)
#6 C:\xampp\htdocs\vaimo_store\vendor\laravel\lumen-framework\src\Concerns\RoutesRequests.php(485): Laravel\Lumen\Application->callControllerAction(Array)
#7 C:\xampp\htdocs\vaimo_store\vendor\laravel\lumen-framework\src\Concerns\RoutesRequests.php(470): Laravel\Lumen\Application->callActionOnArrayBasedRoute(Array)
#8 C:\xampp\htdocs\vaimo_store\vendor\laravel\lumen-framework\src\Concerns\RoutesRequests.php(372): Laravel\Lumen\Application->handleFoundRoute(Array)
#9 C:\xampp\htdocs\vaimo_store\vendor\laravel\lumen-framework\src\Concerns\RoutesRequests.php(620): Laravel\Lumen\Application->Laravel\Lumen\Concerns\{closure}()
#10 C:\xampp\htdocs\vaimo_store\vendor\laravel\lumen-framework\src\Concerns\RoutesRequests.php(378): Laravel\Lumen\Application->sendThroughPipeline(Array, Object(Closure))
#11 C:\xampp\htdocs\vaimo_store\vendor\laravel\lumen-framework\src\Concerns\RoutesRequests.php(323): Laravel\Lumen\Application->dispatch(NULL)
#12 C:\xampp\htdocs\vaimo_store\public\index.php(29): Laravel\Lumen\Application->run()
#13 {main}  
[2018-11-23 01:15:06] lumen.ERROR: ErrorException: Array to string conversion in C:\xampp\htdocs\vaimo_store\app\Http\Controllers\NewsletterController.php:15
Stack trace:
#0 C:\xampp\htdocs\vaimo_store\app\Http\Controllers\NewsletterController.php(15): Laravel\Lumen\Application->Laravel\Lumen\Concerns\{closure}(8, 'Array to string...', 'C:\\xampp\\htdocs...', 15, Array)
#1 [internal function]: App\Http\Controllers\NewsletterController->subscribe(Object(Illuminate\Http\Request))
#2 C:\xampp\htdocs\vaimo_store\vendor\illuminate\container\Container.php(507): call_user_func_array(Array, Array)
#3 C:\xampp\htdocs\vaimo_store\vendor\laravel\lumen-framework\src\Concerns\RoutesRequests.php(577): Illuminate\Container\Container->call(Array, Array)
#4 C:\xampp\htdocs\vaimo_store\vendor\laravel\lumen-framework\src\Concerns\RoutesRequests.php(543): Laravel\Lumen\Application->callControllerCallable(Array, Array)
#5 C:\xampp\htdocs\vaimo_store\vendor\laravel\lumen-framework\src\Concerns\RoutesRequests.php(517): Laravel\Lumen\Application->callLumenController(Object(App\Http\Controllers\NewsletterController), 'subscribe', Array)
#6 C:\xampp\htdocs\vaimo_store\vendor\laravel\lumen-framework\src\Concerns\RoutesRequests.php(485): Laravel\Lumen\Application->callControllerAction(Array)
#7 C:\xampp\htdocs\vaimo_store\vendor\laravel\lumen-framework\src\Concerns\RoutesRequests.php(470): Laravel\Lumen\Application->callActionOnArrayBasedRoute(Array)
#8 C:\xampp\htdocs\vaimo_store\vendor\laravel\lumen-framework\src\Concerns\RoutesRequests.php(372): Laravel\Lumen\Application->handleFoundRoute(Array)
#9 C:\xampp\htdocs\vaimo_store\vendor\laravel\lumen-framework\src\Concerns\RoutesRequests.php(620): Laravel\Lumen\Application->Laravel\Lumen\Concerns\{closure}()
#10 C:\xampp\htdocs\vaimo_store\vendor\laravel\lumen-framework\src\Concerns\RoutesRequests.php(378): Laravel\Lumen\Application->sendThroughPipeline(Array, Object(Closure))
#11 C:\xampp\htdocs\vaimo_store\vendor\laravel\lumen-framework\src\Concerns\RoutesRequests.php(323): Laravel\Lumen\Application->dispatch(NULL)
#12 C:\xampp\htdocs\vaimo_store\public\index.php(29): Laravel\Lumen\Application->run()
#13 {main}  
[2018-11-23 23:47:58] lumen.ERROR: Symfony\Component\Debug\Exception\FatalThrowableError: Parse error: syntax error, unexpected 'endfor' (T_ENDFOR) in C:\xampp\htdocs\vaimo_store\storage\framework\views\8290382a14851cea3a0ce2a1aff81f5447b77c9d.php:33
Stack trace:
#0 C:\xampp\htdocs\vaimo_store\vendor\illuminate\view\Engines\CompilerEngine.php(59): Illuminate\View\Engines\PhpEngine->evaluatePath('C:\\xampp\\htdocs...', Array)
#1 C:\xampp\htdocs\vaimo_store\vendor\illuminate\view\View.php(135): Illuminate\View\Engines\CompilerEngine->get('C:\\xampp\\htdocs...', Array)
#2 C:\xampp\htdocs\vaimo_store\vendor\illuminate\view\View.php(106): Illuminate\View\View->getContents()
#3 C:\xampp\htdocs\vaimo_store\vendor\illuminate\view\View.php(80): Illuminate\View\View->renderContents()
#4 C:\xampp\htdocs\vaimo_store\vendor\illuminate\http\Response.php(52): Illuminate\View\View->render()
#5 C:\xampp\htdocs\vaimo_store\vendor\symfony\http-foundation\Response.php(197): Illuminate\Http\Response->setContent(Object(Illuminate\View\View))
#6 C:\xampp\htdocs\vaimo_store\vendor\laravel\lumen-framework\src\Concerns\RoutesRequests.php(634): Symfony\Component\HttpFoundation\Response->__construct(Object(Illuminate\View\View))
#7 C:\xampp\htdocs\vaimo_store\vendor\laravel\lumen-framework\src\Concerns\RoutesRequests.php(577): Laravel\Lumen\Application->prepareResponse(Object(Illuminate\View\View))
#8 C:\xampp\htdocs\vaimo_store\vendor\laravel\lumen-framework\src\Concerns\RoutesRequests.php(543): Laravel\Lumen\Application->callControllerCallable(Array, Array)
#9 C:\xampp\htdocs\vaimo_store\vendor\laravel\lumen-framework\src\Concerns\RoutesRequests.php(517): Laravel\Lumen\Application->callLumenController(Object(App\Http\Controllers\IndexController), 'index', Array)
#10 C:\xampp\htdocs\vaimo_store\vendor\laravel\lumen-framework\src\Concerns\RoutesRequests.php(485): Laravel\Lumen\Application->callControllerAction(Array)
#11 C:\xampp\htdocs\vaimo_store\vendor\laravel\lumen-framework\src\Concerns\RoutesRequests.php(470): Laravel\Lumen\Application->callActionOnArrayBasedRoute(Array)
#12 C:\xampp\htdocs\vaimo_store\vendor\laravel\lumen-framework\src\Concerns\RoutesRequests.php(372): Laravel\Lumen\Application->handleFoundRoute(Array)
#13 C:\xampp\htdocs\vaimo_store\vendor\laravel\lumen-framework\src\Concerns\RoutesRequests.php(620): Laravel\Lumen\Application->Laravel\Lumen\Concerns\{closure}()
#14 C:\xampp\htdocs\vaimo_store\vendor\laravel\lumen-framework\src\Concerns\RoutesRequests.php(378): Laravel\Lumen\Application->sendThroughPipeline(Array, Object(Closure))
#15 C:\xampp\htdocs\vaimo_store\vendor\laravel\lumen-framework\src\Concerns\RoutesRequests.php(323): Laravel\Lumen\Application->dispatch(NULL)
#16 C:\xampp\htdocs\vaimo_store\public\index.php(29): Laravel\Lumen\Application->run()
#17 {main}

Next ErrorException: Parse error: syntax error, unexpected 'endfor' (T_ENDFOR) (View: C:\xampp\htdocs\vaimo_store\resources\views\index.blade.php) in C:\xampp\htdocs\vaimo_store\storage\framework\views\8290382a14851cea3a0ce2a1aff81f5447b77c9d.php:33
Stack trace:
#0 C:\xampp\htdocs\vaimo_store\vendor\illuminate\view\Engines\PhpEngine.php(46): Illuminate\View\Engines\CompilerEngine->handleViewException(Object(Symfony\Component\Debug\Exception\FatalThrowableError), 1)
#1 C:\xampp\htdocs\vaimo_store\vendor\illuminate\view\Engines\CompilerEngine.php(59): Illuminate\View\Engines\PhpEngine->evaluatePath('C:\\xampp\\htdocs...', Array)
#2 C:\xampp\htdocs\vaimo_store\vendor\illuminate\view\View.php(135): Illuminate\View\Engines\CompilerEngine->get('C:\\xampp\\htdocs...', Array)
#3 C:\xampp\htdocs\vaimo_store\vendor\illuminate\view\View.php(106): Illuminate\View\View->getContents()
#4 C:\xampp\htdocs\vaimo_store\vendor\illuminate\view\View.php(80): Illuminate\View\View->renderContents()
#5 C:\xampp\htdocs\vaimo_store\vendor\illuminate\http\Response.php(52): Illuminate\View\View->render()
#6 C:\xampp\htdocs\vaimo_store\vendor\symfony\http-foundation\Response.php(197): Illuminate\Http\Response->setContent(Object(Illuminate\View\View))
#7 C:\xampp\htdocs\vaimo_store\vendor\laravel\lumen-framework\src\Concerns\RoutesRequests.php(634): Symfony\Component\HttpFoundation\Response->__construct(Object(Illuminate\View\View))
#8 C:\xampp\htdocs\vaimo_store\vendor\laravel\lumen-framework\src\Concerns\RoutesRequests.php(577): Laravel\Lumen\Application->prepareResponse(Object(Illuminate\View\View))
#9 C:\xampp\htdocs\vaimo_store\vendor\laravel\lumen-framework\src\Concerns\RoutesRequests.php(543): Laravel\Lumen\Application->callControllerCallable(Array, Array)
#10 C:\xampp\htdocs\vaimo_store\vendor\laravel\lumen-framework\src\Concerns\RoutesRequests.php(517): Laravel\Lumen\Application->callLumenController(Object(App\Http\Controllers\IndexController), 'index', Array)
#11 C:\xampp\htdocs\vaimo_store\vendor\laravel\lumen-framework\src\Concerns\RoutesRequests.php(485): Laravel\Lumen\Application->callControllerAction(Array)
#12 C:\xampp\htdocs\vaimo_store\vendor\laravel\lumen-framework\src\Concerns\RoutesRequests.php(470): Laravel\Lumen\Application->callActionOnArrayBasedRoute(Array)
#13 C:\xampp\htdocs\vaimo_store\vendor\laravel\lumen-framework\src\Concerns\RoutesRequests.php(372): Laravel\Lumen\Application->handleFoundRoute(Array)
#14 C:\xampp\htdocs\vaimo_store\vendor\laravel\lumen-framework\src\Concerns\RoutesRequests.php(620): Laravel\Lumen\Application->Laravel\Lumen\Concerns\{closure}()
#15 C:\xampp\htdocs\vaimo_store\vendor\laravel\lumen-framework\src\Concerns\RoutesRequests.php(378): Laravel\Lumen\Application->sendThroughPipeline(Array, Object(Closure))
#16 C:\xampp\htdocs\vaimo_store\vendor\laravel\lumen-framework\src\Concerns\RoutesRequests.php(323): Laravel\Lumen\Application->dispatch(NULL)
#17 C:\xampp\htdocs\vaimo_store\public\index.php(29): Laravel\Lumen\Application->run()
#18 {main}  
[2018-11-23 23:48:11] lumen.ERROR: Symfony\Component\Debug\Exception\FatalThrowableError: Parse error: syntax error, unexpected 'endfor' (T_ENDFOR) in C:\xampp\htdocs\vaimo_store\storage\framework\views\8290382a14851cea3a0ce2a1aff81f5447b77c9d.php:33
Stack trace:
#0 C:\xampp\htdocs\vaimo_store\vendor\illuminate\view\Engines\CompilerEngine.php(59): Illuminate\View\Engines\PhpEngine->evaluatePath('C:\\xampp\\htdocs...', Array)
#1 C:\xampp\htdocs\vaimo_store\vendor\illuminate\view\View.php(135): Illuminate\View\Engines\CompilerEngine->get('C:\\xampp\\htdocs...', Array)
#2 C:\xampp\htdocs\vaimo_store\vendor\illuminate\view\View.php(106): Illuminate\View\View->getContents()
#3 C:\xampp\htdocs\vaimo_store\vendor\illuminate\view\View.php(80): Illuminate\View\View->renderContents()
#4 C:\xampp\htdocs\vaimo_store\vendor\illuminate\http\Response.php(52): Illuminate\View\View->render()
#5 C:\xampp\htdocs\vaimo_store\vendor\symfony\http-foundation\Response.php(197): Illuminate\Http\Response->setContent(Object(Illuminate\View\View))
#6 C:\xampp\htdocs\vaimo_store\vendor\laravel\lumen-framework\src\Concerns\RoutesRequests.php(634): Symfony\Component\HttpFoundation\Response->__construct(Object(Illuminate\View\View))
#7 C:\xampp\htdocs\vaimo_store\vendor\laravel\lumen-framework\src\Concerns\RoutesRequests.php(577): Laravel\Lumen\Application->prepareResponse(Object(Illuminate\View\View))
#8 C:\xampp\htdocs\vaimo_store\vendor\laravel\lumen-framework\src\Concerns\RoutesRequests.php(543): Laravel\Lumen\Application->callControllerCallable(Array, Array)
#9 C:\xampp\htdocs\vaimo_store\vendor\laravel\lumen-framework\src\Concerns\RoutesRequests.php(517): Laravel\Lumen\Application->callLumenController(Object(App\Http\Controllers\IndexController), 'index', Array)
#10 C:\xampp\htdocs\vaimo_store\vendor\laravel\lumen-framework\src\Concerns\RoutesRequests.php(485): Laravel\Lumen\Application->callControllerAction(Array)
#11 C:\xampp\htdocs\vaimo_store\vendor\laravel\lumen-framework\src\Concerns\RoutesRequests.php(470): Laravel\Lumen\Application->callActionOnArrayBasedRoute(Array)
#12 C:\xampp\htdocs\vaimo_store\vendor\laravel\lumen-framework\src\Concerns\RoutesRequests.php(372): Laravel\Lumen\Application->handleFoundRoute(Array)
#13 C:\xampp\htdocs\vaimo_store\vendor\laravel\lumen-framework\src\Concerns\RoutesRequests.php(620): Laravel\Lumen\Application->Laravel\Lumen\Concerns\{closure}()
#14 C:\xampp\htdocs\vaimo_store\vendor\laravel\lumen-framework\src\Concerns\RoutesRequests.php(378): Laravel\Lumen\Application->sendThroughPipeline(Array, Object(Closure))
#15 C:\xampp\htdocs\vaimo_store\vendor\laravel\lumen-framework\src\Concerns\RoutesRequests.php(323): Laravel\Lumen\Application->dispatch(NULL)
#16 C:\xampp\htdocs\vaimo_store\public\index.php(29): Laravel\Lumen\Application->run()
#17 {main}

Next ErrorException: Parse error: syntax error, unexpected 'endfor' (T_ENDFOR) (View: C:\xampp\htdocs\vaimo_store\resources\views\index.blade.php) in C:\xampp\htdocs\vaimo_store\storage\framework\views\8290382a14851cea3a0ce2a1aff81f5447b77c9d.php:33
Stack trace:
#0 C:\xampp\htdocs\vaimo_store\vendor\illuminate\view\Engines\PhpEngine.php(46): Illuminate\View\Engines\CompilerEngine->handleViewException(Object(Symfony\Component\Debug\Exception\FatalThrowableError), 1)
#1 C:\xampp\htdocs\vaimo_store\vendor\illuminate\view\Engines\CompilerEngine.php(59): Illuminate\View\Engines\PhpEngine->evaluatePath('C:\\xampp\\htdocs...', Array)
#2 C:\xampp\htdocs\vaimo_store\vendor\illuminate\view\View.php(135): Illuminate\View\Engines\CompilerEngine->get('C:\\xampp\\htdocs...', Array)
#3 C:\xampp\htdocs\vaimo_store\vendor\illuminate\view\View.php(106): Illuminate\View\View->getContents()
#4 C:\xampp\htdocs\vaimo_store\vendor\illuminate\view\View.php(80): Illuminate\View\View->renderContents()
#5 C:\xampp\htdocs\vaimo_store\vendor\illuminate\http\Response.php(52): Illuminate\View\View->render()
#6 C:\xampp\htdocs\vaimo_store\vendor\symfony\http-foundation\Response.php(197): Illuminate\Http\Response->setContent(Object(Illuminate\View\View))
#7 C:\xampp\htdocs\vaimo_store\vendor\laravel\lumen-framework\src\Concerns\RoutesRequests.php(634): Symfony\Component\HttpFoundation\Response->__construct(Object(Illuminate\View\View))
#8 C:\xampp\htdocs\vaimo_store\vendor\laravel\lumen-framework\src\Concerns\RoutesRequests.php(577): Laravel\Lumen\Application->prepareResponse(Object(Illuminate\View\View))
#9 C:\xampp\htdocs\vaimo_store\vendor\laravel\lumen-framework\src\Concerns\RoutesRequests.php(543): Laravel\Lumen\Application->callControllerCallable(Array, Array)
#10 C:\xampp\htdocs\vaimo_store\vendor\laravel\lumen-framework\src\Concerns\RoutesRequests.php(517): Laravel\Lumen\Application->callLumenController(Object(App\Http\Controllers\IndexController), 'index', Array)
#11 C:\xampp\htdocs\vaimo_store\vendor\laravel\lumen-framework\src\Concerns\RoutesRequests.php(485): Laravel\Lumen\Application->callControllerAction(Array)
#12 C:\xampp\htdocs\vaimo_store\vendor\laravel\lumen-framework\src\Concerns\RoutesRequests.php(470): Laravel\Lumen\Application->callActionOnArrayBasedRoute(Array)
#13 C:\xampp\htdocs\vaimo_store\vendor\laravel\lumen-framework\src\Concerns\RoutesRequests.php(372): Laravel\Lumen\Application->handleFoundRoute(Array)
#14 C:\xampp\htdocs\vaimo_store\vendor\laravel\lumen-framework\src\Concerns\RoutesRequests.php(620): Laravel\Lumen\Application->Laravel\Lumen\Concerns\{closure}()
#15 C:\xampp\htdocs\vaimo_store\vendor\laravel\lumen-framework\src\Concerns\RoutesRequests.php(378): Laravel\Lumen\Application->sendThroughPipeline(Array, Object(Closure))
#16 C:\xampp\htdocs\vaimo_store\vendor\laravel\lumen-framework\src\Concerns\RoutesRequests.php(323): Laravel\Lumen\Application->dispatch(NULL)
#17 C:\xampp\htdocs\vaimo_store\public\index.php(29): Laravel\Lumen\Application->run()
#18 {main}  
[2018-11-23 23:48:19] lumen.ERROR: Symfony\Component\Debug\Exception\FatalThrowableError: Fatal error: Call to undefined function vardump() in C:\xampp\htdocs\vaimo_store\storage\framework\views\8290382a14851cea3a0ce2a1aff81f5447b77c9d.php:32
Stack trace:
#0 C:\xampp\htdocs\vaimo_store\vendor\illuminate\view\Engines\PhpEngine.php(42): include()
#1 C:\xampp\htdocs\vaimo_store\vendor\illuminate\view\Engines\CompilerEngine.php(59): Illuminate\View\Engines\PhpEngine->evaluatePath('C:\\xampp\\htdocs...', Array)
#2 C:\xampp\htdocs\vaimo_store\vendor\illuminate\view\View.php(135): Illuminate\View\Engines\CompilerEngine->get('C:\\xampp\\htdocs...', Array)
#3 C:\xampp\htdocs\vaimo_store\vendor\illuminate\view\View.php(106): Illuminate\View\View->getContents()
#4 C:\xampp\htdocs\vaimo_store\vendor\illuminate\view\View.php(80): Illuminate\View\View->renderContents()
#5 C:\xampp\htdocs\vaimo_store\vendor\illuminate\http\Response.php(52): Illuminate\View\View->render()
#6 C:\xampp\htdocs\vaimo_store\vendor\symfony\http-foundation\Response.php(197): Illuminate\Http\Response->setContent(Object(Illuminate\View\View))
#7 C:\xampp\htdocs\vaimo_store\vendor\laravel\lumen-framework\src\Concerns\RoutesRequests.php(634): Symfony\Component\HttpFoundation\Response->__construct(Object(Illuminate\View\View))
#8 C:\xampp\htdocs\vaimo_store\vendor\laravel\lumen-framework\src\Concerns\RoutesRequests.php(577): Laravel\Lumen\Application->prepareResponse(Object(Illuminate\View\View))
#9 C:\xampp\htdocs\vaimo_store\vendor\laravel\lumen-framework\src\Concerns\RoutesRequests.php(543): Laravel\Lumen\Application->callControllerCallable(Array, Array)
#10 C:\xampp\htdocs\vaimo_store\vendor\laravel\lumen-framework\src\Concerns\RoutesRequests.php(517): Laravel\Lumen\Application->callLumenController(Object(App\Http\Controllers\IndexController), 'index', Array)
#11 C:\xampp\htdocs\vaimo_store\vendor\laravel\lumen-framework\src\Concerns\RoutesRequests.php(485): Laravel\Lumen\Application->callControllerAction(Array)
#12 C:\xampp\htdocs\vaimo_store\vendor\laravel\lumen-framework\src\Concerns\RoutesRequests.php(470): Laravel\Lumen\Application->callActionOnArrayBasedRoute(Array)
#13 C:\xampp\htdocs\vaimo_store\vendor\laravel\lumen-framework\src\Concerns\RoutesRequests.php(372): Laravel\Lumen\Application->handleFoundRoute(Array)
#14 C:\xampp\htdocs\vaimo_store\vendor\laravel\lumen-framework\src\Concerns\RoutesRequests.php(620): Laravel\Lumen\Application->Laravel\Lumen\Concerns\{closure}()
#15 C:\xampp\htdocs\vaimo_store\vendor\laravel\lumen-framework\src\Concerns\RoutesRequests.php(378): Laravel\Lumen\Application->sendThroughPipeline(Array, Object(Closure))
#16 C:\xampp\htdocs\vaimo_store\vendor\laravel\lumen-framework\src\Concerns\RoutesRequests.php(323): Laravel\Lumen\Application->dispatch(NULL)
#17 C:\xampp\htdocs\vaimo_store\public\index.php(29): Laravel\Lumen\Application->run()
#18 {main}

Next ErrorException: Fatal error: Call to undefined function vardump() (View: C:\xampp\htdocs\vaimo_store\resources\views\index.blade.php) in C:\xampp\htdocs\vaimo_store\storage\framework\views\8290382a14851cea3a0ce2a1aff81f5447b77c9d.php:32
Stack trace:
#0 C:\xampp\htdocs\vaimo_store\vendor\illuminate\view\Engines\PhpEngine.php(46): Illuminate\View\Engines\CompilerEngine->handleViewException(Object(Symfony\Component\Debug\Exception\FatalThrowableError), 1)
#1 C:\xampp\htdocs\vaimo_store\vendor\illuminate\view\Engines\CompilerEngine.php(59): Illuminate\View\Engines\PhpEngine->evaluatePath('C:\\xampp\\htdocs...', Array)
#2 C:\xampp\htdocs\vaimo_store\vendor\illuminate\view\View.php(135): Illuminate\View\Engines\CompilerEngine->get('C:\\xampp\\htdocs...', Array)
#3 C:\xampp\htdocs\vaimo_store\vendor\illuminate\view\View.php(106): Illuminate\View\View->getContents()
#4 C:\xampp\htdocs\vaimo_store\vendor\illuminate\view\View.php(80): Illuminate\View\View->renderContents()
#5 C:\xampp\htdocs\vaimo_store\vendor\illuminate\http\Response.php(52): Illuminate\View\View->render()
#6 C:\xampp\htdocs\vaimo_store\vendor\symfony\http-foundation\Response.php(197): Illuminate\Http\Response->setContent(Object(Illuminate\View\View))
#7 C:\xampp\htdocs\vaimo_store\vendor\laravel\lumen-framework\src\Concerns\RoutesRequests.php(634): Symfony\Component\HttpFoundation\Response->__construct(Object(Illuminate\View\View))
#8 C:\xampp\htdocs\vaimo_store\vendor\laravel\lumen-framework\src\Concerns\RoutesRequests.php(577): Laravel\Lumen\Application->prepareResponse(Object(Illuminate\View\View))
#9 C:\xampp\htdocs\vaimo_store\vendor\laravel\lumen-framework\src\Concerns\RoutesRequests.php(543): Laravel\Lumen\Application->callControllerCallable(Array, Array)
#10 C:\xampp\htdocs\vaimo_store\vendor\laravel\lumen-framework\src\Concerns\RoutesRequests.php(517): Laravel\Lumen\Application->callLumenController(Object(App\Http\Controllers\IndexController), 'index', Array)
#11 C:\xampp\htdocs\vaimo_store\vendor\laravel\lumen-framework\src\Concerns\RoutesRequests.php(485): Laravel\Lumen\Application->callControllerAction(Array)
#12 C:\xampp\htdocs\vaimo_store\vendor\laravel\lumen-framework\src\Concerns\RoutesRequests.php(470): Laravel\Lumen\Application->callActionOnArrayBasedRoute(Array)
#13 C:\xampp\htdocs\vaimo_store\vendor\laravel\lumen-framework\src\Concerns\RoutesRequests.php(372): Laravel\Lumen\Application->handleFoundRoute(Array)
#14 C:\xampp\htdocs\vaimo_store\vendor\laravel\lumen-framework\src\Concerns\RoutesRequests.php(620): Laravel\Lumen\Application->Laravel\Lumen\Concerns\{closure}()
#15 C:\xampp\htdocs\vaimo_store\vendor\laravel\lumen-framework\src\Concerns\RoutesRequests.php(378): Laravel\Lumen\Application->sendThroughPipeline(Array, Object(Closure))
#16 C:\xampp\htdocs\vaimo_store\vendor\laravel\lumen-framework\src\Concerns\RoutesRequests.php(323): Laravel\Lumen\Application->dispatch(NULL)
#17 C:\xampp\htdocs\vaimo_store\public\index.php(29): Laravel\Lumen\Application->run()
#18 {main}  
[2018-11-23 23:51:17] lumen.ERROR: ErrorException: Trying to get property 'title' of non-object in C:\xampp\htdocs\vaimo_store\storage\framework\views\8290382a14851cea3a0ce2a1aff81f5447b77c9d.php:34
Stack trace:
#0 C:\xampp\htdocs\vaimo_store\storage\framework\views\8290382a14851cea3a0ce2a1aff81f5447b77c9d.php(34): Laravel\Lumen\Application->Laravel\Lumen\Concerns\{closure}(8, 'Trying to get p...', 'C:\\xampp\\htdocs...', 34, Array)
#1 C:\xampp\htdocs\vaimo_store\vendor\illuminate\view\Engines\PhpEngine.php(42): include('C:\\xampp\\htdocs...')
#2 C:\xampp\htdocs\vaimo_store\vendor\illuminate\view\Engines\CompilerEngine.php(59): Illuminate\View\Engines\PhpEngine->evaluatePath('C:\\xampp\\htdocs...', Array)
#3 C:\xampp\htdocs\vaimo_store\vendor\illuminate\view\View.php(135): Illuminate\View\Engines\CompilerEngine->get('C:\\xampp\\htdocs...', Array)
#4 C:\xampp\htdocs\vaimo_store\vendor\illuminate\view\View.php(106): Illuminate\View\View->getContents()
#5 C:\xampp\htdocs\vaimo_store\vendor\illuminate\view\View.php(80): Illuminate\View\View->renderContents()
#6 C:\xampp\htdocs\vaimo_store\vendor\illuminate\http\Response.php(52): Illuminate\View\View->render()
#7 C:\xampp\htdocs\vaimo_store\vendor\symfony\http-foundation\Response.php(197): Illuminate\Http\Response->setContent(Object(Illuminate\View\View))
#8 C:\xampp\htdocs\vaimo_store\vendor\laravel\lumen-framework\src\Concerns\RoutesRequests.php(634): Symfony\Component\HttpFoundation\Response->__construct(Object(Illuminate\View\View))
#9 C:\xampp\htdocs\vaimo_store\vendor\laravel\lumen-framework\src\Concerns\RoutesRequests.php(577): Laravel\Lumen\Application->prepareResponse(Object(Illuminate\View\View))
#10 C:\xampp\htdocs\vaimo_store\vendor\laravel\lumen-framework\src\Concerns\RoutesRequests.php(543): Laravel\Lumen\Application->callControllerCallable(Array, Array)
#11 C:\xampp\htdocs\vaimo_store\vendor\laravel\lumen-framework\src\Concerns\RoutesRequests.php(517): Laravel\Lumen\Application->callLumenController(Object(App\Http\Controllers\IndexController), 'index', Array)
#12 C:\xampp\htdocs\vaimo_store\vendor\laravel\lumen-framework\src\Concerns\RoutesRequests.php(485): Laravel\Lumen\Application->callControllerAction(Array)
#13 C:\xampp\htdocs\vaimo_store\vendor\laravel\lumen-framework\src\Concerns\RoutesRequests.php(470): Laravel\Lumen\Application->callActionOnArrayBasedRoute(Array)
#14 C:\xampp\htdocs\vaimo_store\vendor\laravel\lumen-framework\src\Concerns\RoutesRequests.php(372): Laravel\Lumen\Application->handleFoundRoute(Array)
#15 C:\xampp\htdocs\vaimo_store\vendor\laravel\lumen-framework\src\Concerns\RoutesRequests.php(620): Laravel\Lumen\Application->Laravel\Lumen\Concerns\{closure}()
#16 C:\xampp\htdocs\vaimo_store\vendor\laravel\lumen-framework\src\Concerns\RoutesRequests.php(378): Laravel\Lumen\Application->sendThroughPipeline(Array, Object(Closure))
#17 C:\xampp\htdocs\vaimo_store\vendor\laravel\lumen-framework\src\Concerns\RoutesRequests.php(323): Laravel\Lumen\Application->dispatch(NULL)
#18 C:\xampp\htdocs\vaimo_store\public\index.php(29): Laravel\Lumen\Application->run()
#19 {main}

Next ErrorException: Trying to get property 'title' of non-object (View: C:\xampp\htdocs\vaimo_store\resources\views\index.blade.php) in C:\xampp\htdocs\vaimo_store\storage\framework\views\8290382a14851cea3a0ce2a1aff81f5447b77c9d.php:34
Stack trace:
#0 C:\xampp\htdocs\vaimo_store\vendor\illuminate\view\Engines\PhpEngine.php(44): Illuminate\View\Engines\CompilerEngine->handleViewException(Object(ErrorException), 1)
#1 C:\xampp\htdocs\vaimo_store\vendor\illuminate\view\Engines\CompilerEngine.php(59): Illuminate\View\Engines\PhpEngine->evaluatePath('C:\\xampp\\htdocs...', Array)
#2 C:\xampp\htdocs\vaimo_store\vendor\illuminate\view\View.php(135): Illuminate\View\Engines\CompilerEngine->get('C:\\xampp\\htdocs...', Array)
#3 C:\xampp\htdocs\vaimo_store\vendor\illuminate\view\View.php(106): Illuminate\View\View->getContents()
#4 C:\xampp\htdocs\vaimo_store\vendor\illuminate\view\View.php(80): Illuminate\View\View->renderContents()
#5 C:\xampp\htdocs\vaimo_store\vendor\illuminate\http\Response.php(52): Illuminate\View\View->render()
#6 C:\xampp\htdocs\vaimo_store\vendor\symfony\http-foundation\Response.php(197): Illuminate\Http\Response->setContent(Object(Illuminate\View\View))
#7 C:\xampp\htdocs\vaimo_store\vendor\laravel\lumen-framework\src\Concerns\RoutesRequests.php(634): Symfony\Component\HttpFoundation\Response->__construct(Object(Illuminate\View\View))
#8 C:\xampp\htdocs\vaimo_store\vendor\laravel\lumen-framework\src\Concerns\RoutesRequests.php(577): Laravel\Lumen\Application->prepareResponse(Object(Illuminate\View\View))
#9 C:\xampp\htdocs\vaimo_store\vendor\laravel\lumen-framework\src\Concerns\RoutesRequests.php(543): Laravel\Lumen\Application->callControllerCallable(Array, Array)
#10 C:\xampp\htdocs\vaimo_store\vendor\laravel\lumen-framework\src\Concerns\RoutesRequests.php(517): Laravel\Lumen\Application->callLumenController(Object(App\Http\Controllers\IndexController), 'index', Array)
#11 C:\xampp\htdocs\vaimo_store\vendor\laravel\lumen-framework\src\Concerns\RoutesRequests.php(485): Laravel\Lumen\Application->callControllerAction(Array)
#12 C:\xampp\htdocs\vaimo_store\vendor\laravel\lumen-framework\src\Concerns\RoutesRequests.php(470): Laravel\Lumen\Application->callActionOnArrayBasedRoute(Array)
#13 C:\xampp\htdocs\vaimo_store\vendor\laravel\lumen-framework\src\Concerns\RoutesRequests.php(372): Laravel\Lumen\Application->handleFoundRoute(Array)
#14 C:\xampp\htdocs\vaimo_store\vendor\laravel\lumen-framework\src\Concerns\RoutesRequests.php(620): Laravel\Lumen\Application->Laravel\Lumen\Concerns\{closure}()
#15 C:\xampp\htdocs\vaimo_store\vendor\laravel\lumen-framework\src\Concerns\RoutesRequests.php(378): Laravel\Lumen\Application->sendThroughPipeline(Array, Object(Closure))
#16 C:\xampp\htdocs\vaimo_store\vendor\laravel\lumen-framework\src\Concerns\RoutesRequests.php(323): Laravel\Lumen\Application->dispatch(NULL)
#17 C:\xampp\htdocs\vaimo_store\public\index.php(29): Laravel\Lumen\Application->run()
#18 {main}  
[2018-11-24 00:09:25] lumen.ERROR: ErrorException: Undefined index: img in C:\xampp\htdocs\vaimo_store\storage\framework\views\8290382a14851cea3a0ce2a1aff81f5447b77c9d.php:33
Stack trace:
#0 C:\xampp\htdocs\vaimo_store\storage\framework\views\8290382a14851cea3a0ce2a1aff81f5447b77c9d.php(33): Laravel\Lumen\Application->Laravel\Lumen\Concerns\{closure}(8, 'Undefined index...', 'C:\\xampp\\htdocs...', 33, Array)
#1 C:\xampp\htdocs\vaimo_store\vendor\illuminate\view\Engines\PhpEngine.php(42): include('C:\\xampp\\htdocs...')
#2 C:\xampp\htdocs\vaimo_store\vendor\illuminate\view\Engines\CompilerEngine.php(59): Illuminate\View\Engines\PhpEngine->evaluatePath('C:\\xampp\\htdocs...', Array)
#3 C:\xampp\htdocs\vaimo_store\vendor\illuminate\view\View.php(135): Illuminate\View\Engines\CompilerEngine->get('C:\\xampp\\htdocs...', Array)
#4 C:\xampp\htdocs\vaimo_store\vendor\illuminate\view\View.php(106): Illuminate\View\View->getContents()
#5 C:\xampp\htdocs\vaimo_store\vendor\illuminate\view\View.php(80): Illuminate\View\View->renderContents()
#6 C:\xampp\htdocs\vaimo_store\vendor\illuminate\http\Response.php(52): Illuminate\View\View->render()
#7 C:\xampp\htdocs\vaimo_store\vendor\symfony\http-foundation\Response.php(197): Illuminate\Http\Response->setContent(Object(Illuminate\View\View))
#8 C:\xampp\htdocs\vaimo_store\vendor\laravel\lumen-framework\src\Concerns\RoutesRequests.php(634): Symfony\Component\HttpFoundation\Response->__construct(Object(Illuminate\View\View))
#9 C:\xampp\htdocs\vaimo_store\vendor\laravel\lumen-framework\src\Concerns\RoutesRequests.php(577): Laravel\Lumen\Application->prepareResponse(Object(Illuminate\View\View))
#10 C:\xampp\htdocs\vaimo_store\vendor\laravel\lumen-framework\src\Concerns\RoutesRequests.php(543): Laravel\Lumen\Application->callControllerCallable(Array, Array)
#11 C:\xampp\htdocs\vaimo_store\vendor\laravel\lumen-framework\src\Concerns\RoutesRequests.php(517): Laravel\Lumen\Application->callLumenController(Object(App\Http\Controllers\IndexController), 'index', Array)
#12 C:\xampp\htdocs\vaimo_store\vendor\laravel\lumen-framework\src\Concerns\RoutesRequests.php(485): Laravel\Lumen\Application->callControllerAction(Array)
#13 C:\xampp\htdocs\vaimo_store\vendor\laravel\lumen-framework\src\Concerns\RoutesRequests.php(470): Laravel\Lumen\Application->callActionOnArrayBasedRoute(Array)
#14 C:\xampp\htdocs\vaimo_store\vendor\laravel\lumen-framework\src\Concerns\RoutesRequests.php(372): Laravel\Lumen\Application->handleFoundRoute(Array)
#15 C:\xampp\htdocs\vaimo_store\vendor\laravel\lumen-framework\src\Concerns\RoutesRequests.php(620): Laravel\Lumen\Application->Laravel\Lumen\Concerns\{closure}()
#16 C:\xampp\htdocs\vaimo_store\vendor\laravel\lumen-framework\src\Concerns\RoutesRequests.php(378): Laravel\Lumen\Application->sendThroughPipeline(Array, Object(Closure))
#17 C:\xampp\htdocs\vaimo_store\vendor\laravel\lumen-framework\src\Concerns\RoutesRequests.php(323): Laravel\Lumen\Application->dispatch(NULL)
#18 C:\xampp\htdocs\vaimo_store\public\index.php(29): Laravel\Lumen\Application->run()
#19 {main}

Next ErrorException: Undefined index: img (View: C:\xampp\htdocs\vaimo_store\resources\views\index.blade.php) in C:\xampp\htdocs\vaimo_store\storage\framework\views\8290382a14851cea3a0ce2a1aff81f5447b77c9d.php:33
Stack trace:
#0 C:\xampp\htdocs\vaimo_store\vendor\illuminate\view\Engines\PhpEngine.php(44): Illuminate\View\Engines\CompilerEngine->handleViewException(Object(ErrorException), 1)
#1 C:\xampp\htdocs\vaimo_store\vendor\illuminate\view\Engines\CompilerEngine.php(59): Illuminate\View\Engines\PhpEngine->evaluatePath('C:\\xampp\\htdocs...', Array)
#2 C:\xampp\htdocs\vaimo_store\vendor\illuminate\view\View.php(135): Illuminate\View\Engines\CompilerEngine->get('C:\\xampp\\htdocs...', Array)
#3 C:\xampp\htdocs\vaimo_store\vendor\illuminate\view\View.php(106): Illuminate\View\View->getContents()
#4 C:\xampp\htdocs\vaimo_store\vendor\illuminate\view\View.php(80): Illuminate\View\View->renderContents()
#5 C:\xampp\htdocs\vaimo_store\vendor\illuminate\http\Response.php(52): Illuminate\View\View->render()
#6 C:\xampp\htdocs\vaimo_store\vendor\symfony\http-foundation\Response.php(197): Illuminate\Http\Response->setContent(Object(Illuminate\View\View))
#7 C:\xampp\htdocs\vaimo_store\vendor\laravel\lumen-framework\src\Concerns\RoutesRequests.php(634): Symfony\Component\HttpFoundation\Response->__construct(Object(Illuminate\View\View))
#8 C:\xampp\htdocs\vaimo_store\vendor\laravel\lumen-framework\src\Concerns\RoutesRequests.php(577): Laravel\Lumen\Application->prepareResponse(Object(Illuminate\View\View))
#9 C:\xampp\htdocs\vaimo_store\vendor\laravel\lumen-framework\src\Concerns\RoutesRequests.php(543): Laravel\Lumen\Application->callControllerCallable(Array, Array)
#10 C:\xampp\htdocs\vaimo_store\vendor\laravel\lumen-framework\src\Concerns\RoutesRequests.php(517): Laravel\Lumen\Application->callLumenController(Object(App\Http\Controllers\IndexController), 'index', Array)
#11 C:\xampp\htdocs\vaimo_store\vendor\laravel\lumen-framework\src\Concerns\RoutesRequests.php(485): Laravel\Lumen\Application->callControllerAction(Array)
#12 C:\xampp\htdocs\vaimo_store\vendor\laravel\lumen-framework\src\Concerns\RoutesRequests.php(470): Laravel\Lumen\Application->callActionOnArrayBasedRoute(Array)
#13 C:\xampp\htdocs\vaimo_store\vendor\laravel\lumen-framework\src\Concerns\RoutesRequests.php(372): Laravel\Lumen\Application->handleFoundRoute(Array)
#14 C:\xampp\htdocs\vaimo_store\vendor\laravel\lumen-framework\src\Concerns\RoutesRequests.php(620): Laravel\Lumen\Application->Laravel\Lumen\Concerns\{closure}()
#15 C:\xampp\htdocs\vaimo_store\vendor\laravel\lumen-framework\src\Concerns\RoutesRequests.php(378): Laravel\Lumen\Application->sendThroughPipeline(Array, Object(Closure))
#16 C:\xampp\htdocs\vaimo_store\vendor\laravel\lumen-framework\src\Concerns\RoutesRequests.php(323): Laravel\Lumen\Application->dispatch(NULL)
#17 C:\xampp\htdocs\vaimo_store\public\index.php(29): Laravel\Lumen\Application->run()
#18 {main}  
[2018-11-24 00:10:50] lumen.ERROR: ErrorException: Undefined index: img in C:\xampp\htdocs\vaimo_store\storage\framework\views\8290382a14851cea3a0ce2a1aff81f5447b77c9d.php:33
Stack trace:
#0 C:\xampp\htdocs\vaimo_store\storage\framework\views\8290382a14851cea3a0ce2a1aff81f5447b77c9d.php(33): Laravel\Lumen\Application->Laravel\Lumen\Concerns\{closure}(8, 'Undefined index...', 'C:\\xampp\\htdocs...', 33, Array)
#1 C:\xampp\htdocs\vaimo_store\vendor\illuminate\view\Engines\PhpEngine.php(42): include('C:\\xampp\\htdocs...')
#2 C:\xampp\htdocs\vaimo_store\vendor\illuminate\view\Engines\CompilerEngine.php(59): Illuminate\View\Engines\PhpEngine->evaluatePath('C:\\xampp\\htdocs...', Array)
#3 C:\xampp\htdocs\vaimo_store\vendor\illuminate\view\View.php(135): Illuminate\View\Engines\CompilerEngine->get('C:\\xampp\\htdocs...', Array)
#4 C:\xampp\htdocs\vaimo_store\vendor\illuminate\view\View.php(106): Illuminate\View\View->getContents()
#5 C:\xampp\htdocs\vaimo_store\vendor\illuminate\view\View.php(80): Illuminate\View\View->renderContents()
#6 C:\xampp\htdocs\vaimo_store\vendor\illuminate\http\Response.php(52): Illuminate\View\View->render()
#7 C:\xampp\htdocs\vaimo_store\vendor\symfony\http-foundation\Response.php(197): Illuminate\Http\Response->setContent(Object(Illuminate\View\View))
#8 C:\xampp\htdocs\vaimo_store\vendor\laravel\lumen-framework\src\Concerns\RoutesRequests.php(634): Symfony\Component\HttpFoundation\Response->__construct(Object(Illuminate\View\View))
#9 C:\xampp\htdocs\vaimo_store\vendor\laravel\lumen-framework\src\Concerns\RoutesRequests.php(577): Laravel\Lumen\Application->prepareResponse(Object(Illuminate\View\View))
#10 C:\xampp\htdocs\vaimo_store\vendor\laravel\lumen-framework\src\Concerns\RoutesRequests.php(543): Laravel\Lumen\Application->callControllerCallable(Array, Array)
#11 C:\xampp\htdocs\vaimo_store\vendor\laravel\lumen-framework\src\Concerns\RoutesRequests.php(517): Laravel\Lumen\Application->callLumenController(Object(App\Http\Controllers\IndexController), 'index', Array)
#12 C:\xampp\htdocs\vaimo_store\vendor\laravel\lumen-framework\src\Concerns\RoutesRequests.php(485): Laravel\Lumen\Application->callControllerAction(Array)
#13 C:\xampp\htdocs\vaimo_store\vendor\laravel\lumen-framework\src\Concerns\RoutesRequests.php(470): Laravel\Lumen\Application->callActionOnArrayBasedRoute(Array)
#14 C:\xampp\htdocs\vaimo_store\vendor\laravel\lumen-framework\src\Concerns\RoutesRequests.php(372): Laravel\Lumen\Application->handleFoundRoute(Array)
#15 C:\xampp\htdocs\vaimo_store\vendor\laravel\lumen-framework\src\Concerns\RoutesRequests.php(620): Laravel\Lumen\Application->Laravel\Lumen\Concerns\{closure}()
#16 C:\xampp\htdocs\vaimo_store\vendor\laravel\lumen-framework\src\Concerns\RoutesRequests.php(378): Laravel\Lumen\Application->sendThroughPipeline(Array, Object(Closure))
#17 C:\xampp\htdocs\vaimo_store\vendor\laravel\lumen-framework\src\Concerns\RoutesRequests.php(323): Laravel\Lumen\Application->dispatch(NULL)
#18 C:\xampp\htdocs\vaimo_store\public\index.php(29): Laravel\Lumen\Application->run()
#19 {main}

Next ErrorException: Undefined index: img (View: C:\xampp\htdocs\vaimo_store\resources\views\index.blade.php) in C:\xampp\htdocs\vaimo_store\storage\framework\views\8290382a14851cea3a0ce2a1aff81f5447b77c9d.php:33
Stack trace:
#0 C:\xampp\htdocs\vaimo_store\vendor\illuminate\view\Engines\PhpEngine.php(44): Illuminate\View\Engines\CompilerEngine->handleViewException(Object(ErrorException), 1)
#1 C:\xampp\htdocs\vaimo_store\vendor\illuminate\view\Engines\CompilerEngine.php(59): Illuminate\View\Engines\PhpEngine->evaluatePath('C:\\xampp\\htdocs...', Array)
#2 C:\xampp\htdocs\vaimo_store\vendor\illuminate\view\View.php(135): Illuminate\View\Engines\CompilerEngine->get('C:\\xampp\\htdocs...', Array)
#3 C:\xampp\htdocs\vaimo_store\vendor\illuminate\view\View.php(106): Illuminate\View\View->getContents()
#4 C:\xampp\htdocs\vaimo_store\vendor\illuminate\view\View.php(80): Illuminate\View\View->renderContents()
#5 C:\xampp\htdocs\vaimo_store\vendor\illuminate\http\Response.php(52): Illuminate\View\View->render()
#6 C:\xampp\htdocs\vaimo_store\vendor\symfony\http-foundation\Response.php(197): Illuminate\Http\Response->setContent(Object(Illuminate\View\View))
#7 C:\xampp\htdocs\vaimo_store\vendor\laravel\lumen-framework\src\Concerns\RoutesRequests.php(634): Symfony\Component\HttpFoundation\Response->__construct(Object(Illuminate\View\View))
#8 C:\xampp\htdocs\vaimo_store\vendor\laravel\lumen-framework\src\Concerns\RoutesRequests.php(577): Laravel\Lumen\Application->prepareResponse(Object(Illuminate\View\View))
#9 C:\xampp\htdocs\vaimo_store\vendor\laravel\lumen-framework\src\Concerns\RoutesRequests.php(543): Laravel\Lumen\Application->callControllerCallable(Array, Array)
#10 C:\xampp\htdocs\vaimo_store\vendor\laravel\lumen-framework\src\Concerns\RoutesRequests.php(517): Laravel\Lumen\Application->callLumenController(Object(App\Http\Controllers\IndexController), 'index', Array)
#11 C:\xampp\htdocs\vaimo_store\vendor\laravel\lumen-framework\src\Concerns\RoutesRequests.php(485): Laravel\Lumen\Application->callControllerAction(Array)
#12 C:\xampp\htdocs\vaimo_store\vendor\laravel\lumen-framework\src\Concerns\RoutesRequests.php(470): Laravel\Lumen\Application->callActionOnArrayBasedRoute(Array)
#13 C:\xampp\htdocs\vaimo_store\vendor\laravel\lumen-framework\src\Concerns\RoutesRequests.php(372): Laravel\Lumen\Application->handleFoundRoute(Array)
#14 C:\xampp\htdocs\vaimo_store\vendor\laravel\lumen-framework\src\Concerns\RoutesRequests.php(620): Laravel\Lumen\Application->Laravel\Lumen\Concerns\{closure}()
#15 C:\xampp\htdocs\vaimo_store\vendor\laravel\lumen-framework\src\Concerns\RoutesRequests.php(378): Laravel\Lumen\Application->sendThroughPipeline(Array, Object(Closure))
#16 C:\xampp\htdocs\vaimo_store\vendor\laravel\lumen-framework\src\Concerns\RoutesRequests.php(323): Laravel\Lumen\Application->dispatch(NULL)
#17 C:\xampp\htdocs\vaimo_store\public\index.php(29): Laravel\Lumen\Application->run()
#18 {main}  
